belepes a fo ciklusba
readed size:827
msg string length:827
uj uzenet olvasva
 
0
state olvasasa
mapWidth:20 mapHeight:20
hp:80 id:1
map olvasasa
jatekos pozicio: x:1 y:1
***************************************************************
1	1	1	1	1	1	1	1	1	1	1	1	1	1	1	1	1	1	1	1	
1	1001	13								13									1	
1		1		1	11	1	1	13	1		1			1	1	1	1		1	
1		1		1	11	13		1	12		1		1					13	1	
1		1			1		13	1			1		1	11	1	1	1		1	
1	11		1	11		1	1	13			12	1		1		12	12		1	
1		1	11		12			1		1	13	1			1	1			1	
1	11		1	11		1		1			1		1	12		13	1		1	
1		1	13	1	1			11	1	1					1		1		1	
1	13					1			11		1	13	1		1		1		1	
1	12		1	1	1		1	1	1	1			1		1		1		1	
1	11	1	11				12	12			1	1			1		1		1	
1			11	1	1	1				1		12	1			1			1	
1		1			12		1	1	1				1						1	
1			1	12	1	1	12			1	1	12		1	1	1	1		1	
1			12	1				1	1	12		1							1	
1			1		1	11	1	11			1		1	1	1	1	1		1	
1			1		1		1	12		13	1		11				13		1	
1				13						11	13								1	
1	1	1	1	1	1	1	1	1	1	1	1	1	1	1	1	1	1	1	1	

***************************************************************
valasz irasa
valasz serialize
valasz kuldese
valasz elkuldve
readed size:827
msg string length:827
uj uzenet olvasva
 
1
state olvasasa
mapWidth:20 mapHeight:20
hp:79 id:1
map olvasasa
jatekos pozicio: x:1 y:1
***************************************************************
1	1	1	1	1	1	1	1	1	1	1	1	1	1	1	1	1	1	1	1	
1	1001	13								13									1	
1		1		1	11	1	1	13	1		1			1	1	1	1		1	
1		1		1	11	13		1	12		1		1					13	1	
1		1			1		13	1			1		1	11	1	1	1		1	
1	11		1	11		1	1	13			12	1		1		12	12		1	
1		1	11		12			1		1	13	1			1	1			1	
1	11		1	11		1		1			1		1	12		13	1		1	
1		1	13	1	1			11	1	1					1		1		1	
1	13					1	11		11		1	13	1		1		1		1	
1	12		1	1	1		1	1	1	1			1		1		1		1	
1	11	1	11				12	12			1	1			1		1		1	
1			11	1	1	1				1		12	1			1			1	
1		1			12		1	1	1				1						1	
1			1	12	1	1	12			1	1	12		1	1	1	1		1	
1			12	1				1	1	12		1							1	
1			1		1	11	1	11			1		1	1	1	1	1		1	
1			1		1		1	12		13	1		11				13		1	
1				13						11	13								1	
1	1	1	1	1	1	1	1	1	1	1	1	1	1	1	1	1	1	1	1	

***************************************************************
valasz irasa
valasz serialize
valasz kuldese
valasz elkuldve
readed size:827
msg string length:827
uj uzenet olvasva
 
2
state olvasasa
mapWidth:20 mapHeight:20
hp:78 id:1
map olvasasa
jatekos pozicio: x:1 y:1
***************************************************************
1	1	1	1	1	1	1	1	1	1	1	1	1	1	1	1	1	1	1	1	
1	1001	13								13									1	
1		1		1	11	1	1	13	1		1			1	1	1	1		1	
1		1		1	11	13		1	12		1		1					13	1	
1		1			1		13	1			1		1	11	1	1	1		1	
1	11		1	11		1	1	13			12	1		1		12	12		1	
1		1	11		12			1		1	13	1			1	1			1	
1	11		1	11		1		1			1		1	12		13	1		1	
1		1	13	1	1			11	1	1					1		1		1	
1	13					1	11		11		1	13	1		1		1		1	
1	12		1	1	1		1	1	1	1			1		1		1		1	
1	11	1	11				12	12			1	1			1		1		1	
1			11	1	1	1				1		12	1			1			1	
1		1			12		1	1	1				1						1	
1			1	12	1	1	12			1	1	12		1	1	1	1		1	
1			12	1				1	1	12		1							1	
1			1		1	11	1	11			1		1	1	1	1	1		1	
1			1		1		1	12		13	1		11				13		1	
1				13						11	13								1	
1	1	1	1	1	1	1	1	1	1	1	1	1	1	1	1	1	1	1	1	

***************************************************************
valasz irasa
valasz serialize
valasz kuldese
valasz elkuldve
readed size:827
msg string length:827
uj uzenet olvasva
 
3
state olvasasa
mapWidth:20 mapHeight:20
hp:77 id:1
map olvasasa
jatekos pozicio: x:1 y:1
***************************************************************
1	1	1	1	1	1	1	1	1	1	1	1	1	1	1	1	1	1	1	1	
1	1001	13								13									1	
1		1		1	11	1	1	13	1		1			1	1	1	1		1	
1		1		1	11	13		1	12		1		1					13	1	
1		1			1		13	1			1		1	11	1	1	1		1	
1	11		1	11		1	1	13			12	1		1	12	12	12		1	
1		1	11		12			1		1	13	1			1	1			1	
1	11		1	11		1		1			1		1	12		13	1		1	
1		1	13	1	1			11	1	1					1		1		1	
1	13					1	11		11		1	13	1		1		1		1	
1	12		1	1	1		1	1	1	1			1		1		1		1	
1	11	1	11				12	12			1	1			1		1		1	
1			11	1	1	1				1		12	1			1			1	
1		1			12		1	1	1				1						1	
1			1	12	1	1	12			1	1	12		1	1	1	1		1	
1			12	1				1	1	12		1							1	
1			1		1	11	1	11			1		1	1	1	1	1		1	
1			1		1		1	12		13	1		11				13		1	
1				13						11	13								1	
1	1	1	1	1	1	1	1	1	1	1	1	1	1	1	1	1	1	1	1	

***************************************************************
valasz irasa
valasz serialize
valasz kuldese
valasz elkuldve
readed size:827
msg string length:827
uj uzenet olvasva
 
4
state olvasasa
mapWidth:20 mapHeight:20
hp:76 id:1
map olvasasa
jatekos pozicio: x:1 y:1
***************************************************************
1	1	1	1	1	1	1	1	1	1	1	1	1	1	1	1	1	1	1	1	
1	1001	13								13									1	
1		1		1	11	1	1	13	1		1			1	1	1	1		1	
1		1		1	11	13		1	12		1		1					13	1	
1		1			1		13	1			1		1	11	1	1	1		1	
1	11		1	11		1	1	13			12	1		1	12	12	12		1	
1		1	11		12			1		1	13	1			1	1			1	
1	11		1	11		1		1			1		1	12		13	1		1	
1		1	13	1	1			11	1	1					1		1		1	
1	13					1	11		11		1	13	1		1		1		1	
1	12		1	1	1		1	1	1	1			1		1		1		1	
1	11	1	11				12	12			1	1			1		1		1	
1			11	1	1	1				1		12	1			1			1	
1		1			12		1	1	1				1						1	
1			1	12	1	1	12			1	1	12		1	1	1	1		1	
1			12	1				1	1	12		1							1	
1			1		1	11	1	11			1		1	1	1	1	1		1	
1			1		1		1	12		13	1		11				13		1	
1				13						11	13								1	
1	1	1	1	1	1	1	1	1	1	1	1	1	1	1	1	1	1	1	1	

***************************************************************
valasz irasa
valasz serialize
valasz kuldese
valasz elkuldve
readed size:827
msg string length:827
uj uzenet olvasva
 
5
state olvasasa
mapWidth:20 mapHeight:20
hp:75 id:1
map olvasasa
jatekos pozicio: x:1 y:1
***************************************************************
1	1	1	1	1	1	1	1	1	1	1	1	1	1	1	1	1	1	1	1	
1	1001	13								13									1	
1		1		1	11	1	1	13	1		1			1	1	1	1		1	
1		1		1	11	13		1	12		1		1					13	1	
1		1			1		13	1			1		1	11	1	1	1		1	
1	11		1	11		1	1	13			12	1		1	12	12	12		1	
1		1	11		12			1		1	13	1			1	1			1	
1	11		1	11		1		1	11		1		1	12		13	1		1	
1		1	13	1	1			11	1	1					1		1		1	
1	13					1	11		11		1	13	1		1		1		1	
1	12		1	1	1		1	1	1	1			1		1		1		1	
1	11	1	11				12	12			1	1			1		1		1	
1			11	1	1	1				1		12	1			1			1	
1		1			12		1	1	1				1						1	
1			1	12	1	1	12			1	1	12		1	1	1	1		1	
1			12	1				1	1	12		1							1	
1			1		1	11	1	11			1		1	1	1	1	1		1	
1			1		1		1	12		13	1		11				13		1	
1				13						11	13								1	
1	1	1	1	1	1	1	1	1	1	1	1	1	1	1	1	1	1	1	1	

***************************************************************
valasz irasa
valasz serialize
valasz kuldese
valasz elkuldve
readed size:827
msg string length:827
uj uzenet olvasva
 
6
state olvasasa
mapWidth:20 mapHeight:20
hp:74 id:1
map olvasasa
jatekos pozicio: x:1 y:1
***************************************************************
1	1	1	1	1	1	1	1	1	1	1	1	1	1	1	1	1	1	1	1	
1	1001	13								13									1	
1		1		1	11	1	1	13	1		1			1	1	1	1		1	
1		1		1	11	13		1	12		1		1					13	1	
1		1			1		13	1			1		1	11	1	1	1		1	
1	11		1	11		1	1	13			12	1		1	12	12	12		1	
1		1	11		12			1		1	13	1			1	1			1	
1	11		1	11		1		1	11		1		1	12		13	1		1	
1		1	13	1	1			11	1	1					1		1		1	
1	13					1	11		11		1	13	1		1		1		1	
1	12		1	1	1		1	1	1	1			1		1		1		1	
1	11	1	11				12	12			1	1			1		1		1	
1			11	1	1	1				1		12	1			1			1	
1		1			12		1	1	1				1						1	
1			1	12	1	1	12			1	1	12		1	1	1	1		1	
1			12	1				1	1	12		1							1	
1			1		1	11	1	11			1		1	1	1	1	1		1	
1			1		1		1	12		13	1		11				13		1	
1				13						11	13								1	
1	1	1	1	1	1	1	1	1	1	1	1	1	1	1	1	1	1	1	1	

***************************************************************
valasz irasa
valasz serialize
valasz kuldese
valasz elkuldve
readed size:827
msg string length:827
uj uzenet olvasva
 
7
state olvasasa
mapWidth:20 mapHeight:20
hp:73 id:1
map olvasasa
jatekos pozicio: x:1 y:1
***************************************************************
1	1	1	1	1	1	1	1	1	1	1	1	1	1	1	1	1	1	1	1	
1	1001	13								13									1	
1		1		1	11	1	1	13	1		1			1	1	1	1		1	
1		1		1	11	13		1	12		1		1					13	1	
1		1			1		13	1			1		1	11	1	1	1		1	
1	11		1	11		1	1	13			12	1		1	12	12	12		1	
1		1	11		12			1		1	13	1			1	1			1	
1	11		1	11		1		1	11		1		1	12		13	1		1	
1		1	13	1	1			11	1	1					1		1		1	
1	13					1	11		11		1	13	1		1		1		1	
1	12		1	1	1		1	1	1	1			1		1		1		1	
1	11	1	11				12	12			1	1			1		1		1	
1			11	1	1	1				1		12	1			1			1	
1		1			12		1	1	1				1						1	
1			1	12	1	1	12			1	1	12		1	1	1	1		1	
1			12	1				1	1	12		1							1	
1			1		1	11	1	11			1		1	1	1	1	1		1	
1			1		1		1	12		13	1		11				13		1	
1				13						11	13								1	
1	1	1	1	1	1	1	1	1	1	1	1	1	1	1	1	1	1	1	1	

***************************************************************
valasz irasa
valasz serialize
valasz kuldese
valasz elkuldve
readed size:827
msg string length:827
uj uzenet olvasva
 
8
state olvasasa
mapWidth:20 mapHeight:20
hp:72 id:1
map olvasasa
jatekos pozicio: x:1 y:1
***************************************************************
1	1	1	1	1	1	1	1	1	1	1	1	1	1	1	1	1	1	1	1	
1	1001	13								13									1	
1		1		1	11	1	1	13	1		1			1	1	1	1		1	
1		1		1	11	13		1	12		1		1					13	1	
1		1			1		13	1			1		1	11	1	1	1		1	
1	11		1	11		1	1	13			12	1		1	12	12	12		1	
1		1	11		12			1		1	13	1			1	1			1	
1	11		1	11		1		1	11		1		1	12		13	1		1	
1		1	13	1	1			11	1	1					1		1		1	
1	13					1	11		11		1	13	1		1		1		1	
1	12		1	1	1		1	1	1	1			1		1		1		1	
1	11	1	11				12	12			1	1			1		1		1	
1			11	1	1	1				1		12	1			1			1	
1		1			12		1	1	1				1						1	
1			1	12	1	1	12			1	1	12		1	1	1	1		1	
1			12	1				1	1	12		1							1	
1			1		1	11	1	11			1		1	1	1	1	1		1	
1			1		1		1	12		13	1		11				13		1	
1				13						11	13								1	
1	1	1	1	1	1	1	1	1	1	1	1	1	1	1	1	1	1	1	1	

***************************************************************
valasz irasa
valasz serialize
valasz kuldese
valasz elkuldve
readed size:827
msg string length:827
uj uzenet olvasva
 
9
state olvasasa
mapWidth:20 mapHeight:20
hp:71 id:1
map olvasasa
jatekos pozicio: x:1 y:1
***************************************************************
1	1	1	1	1	1	1	1	1	1	1	1	1	1	1	1	1	1	1	1	
1	1001	13								13									1	
1		1		1	11	1	1	13	1		1			1	1	1	1		1	
1		1		1	11	13		1	12		1		1					13	1	
1		1			1		13	1			1		1	11	1	1	1		1	
1	11		1	11		1	1	13			12	1		1	12	12	12		1	
1		1	11		12			1		1	13	1			1	1			1	
1	11		1	11		1		1	11		1		1	12		13	1		1	
1		1	13	1	1			11	1	1					1		1		1	
1	13					1	11		11		1	13	1		1		1		1	
1	12		1	1	1		1	1	1	1			1		1		1		1	
1	11	1	11				12	12			1	1			1		1		1	
1			11	1	1	1				1		12	1			1			1	
1		1			12		1	1	1				1						1	
1			1	12	1	1	12			1	1	12		1	1	1	1		1	
1			12	1				1	1	12		1							1	
1			1		1	11	1	11			1		1	1	1	1	1		1	
1			1		1		1	12		13	1		11				13		1	
1				13						11	13								1	
1	1	1	1	1	1	1	1	1	1	1	1	1	1	1	1	1	1	1	1	

***************************************************************
valasz irasa
valasz serialize
valasz kuldese
valasz elkuldve
readed size:827
msg string length:827
uj uzenet olvasva
 
10
state olvasasa
mapWidth:20 mapHeight:20
hp:70 id:1
map olvasasa
jatekos pozicio: x:1 y:1
***************************************************************
1	1	1	1	1	1	1	1	1	1	1	1	1	1	1	1	1	1	1	1	
1	1001	13								13		12							1	
1		1		1	11	1	1	13	1		1			1	1	1	1		1	
1		1		1	11	13		1	12		1		1					13	1	
1		1			1		13	1			1		1	11	1	1	1		1	
1	11		1	11		1	1	13			12	1		1	12	12	12		1	
1		1	11		12			1		1	13	1			1	1			1	
1	11		1	11		1		1	11		1		1	12		13	1		1	
1		1	13	1	1			11	1	1					1		1		1	
1	13					1	11		11		1	13	1		1		1		1	
1	12		1	1	1		1	1	1	1			1		1		1		1	
1	11	1	11				12	12			1	1			1		1		1	
1			11	1	1	1				1		12	1			1			1	
1		1			12		1	1	1				1						1	
1			1	12	1	1	12			1	1	12		1	1	1	1		1	
1			12	1				1	1	12		1							1	
1			1		1	11	1	11			1		1	1	1	1	1		1	
1			1		1		1	12		13	1		11				13		1	
1				13						11	13								1	
1	1	1	1	1	1	1	1	1	1	1	1	1	1	1	1	1	1	1	1	

***************************************************************
valasz irasa
valasz serialize
valasz kuldese
valasz elkuldve
readed size:827
msg string length:827
uj uzenet olvasva
 
11
state olvasasa
mapWidth:20 mapHeight:20
hp:69 id:1
map olvasasa
jatekos pozicio: x:1 y:1
***************************************************************
1	1	1	1	1	1	1	1	1	1	1	1	1	1	1	1	1	1	1	1	
1	1001	13								13		12							1	
1		1		1	11	1	1	13	1		1			1	1	1	1		1	
1		1		1	11	13		1	12		1		1					13	1	
1		1			1		13	1			1		1	11	1	1	1		1	
1	11		1	11		1	1	13			12	1		1	12	12	12		1	
1		1	11		12			1		1	13	1			1	1			1	
1	11		1	11		1		1	11		1		1	12		13	1		1	
1		1	13	1	1			11	1	1					1		1		1	
1	13					1	11		11		1	13	1		1		1		1	
1	12		1	1	1		1	1	1	1			1		1		1		1	
1	11	1	11				12	12			1	1			1		1		1	
1			11	1	1	1				1		12	1			1			1	
1		1			12		1	1	1				1						1	
1			1	12	1	1	12			1	1	12		1	1	1	1		1	
1			12	1				1	1	12		1							1	
1			1		1	11	1	11			1		1	1	1	1	1		1	
1			1		1		1	12		13	1		11				13		1	
1				13						11	13								1	
1	1	1	1	1	1	1	1	1	1	1	1	1	1	1	1	1	1	1	1	

***************************************************************
valasz irasa
valasz serialize
valasz kuldese
valasz elkuldve
readed size:827
msg string length:827
uj uzenet olvasva
 
12
state olvasasa
mapWidth:20 mapHeight:20
hp:68 id:1
map olvasasa
jatekos pozicio: x:1 y:1
***************************************************************
1	1	1	1	1	1	1	1	1	1	1	1	1	1	1	1	1	1	1	1	
1	1001	13								13		12							1	
1		1		1	11	1	1	13	1		1			1	1	1	1		1	
1		1		1	11	13		1	12		1		1					13	1	
1		1			1		13	1			1		1	11	1	1	1		1	
1	11		1	11		1	1	13			12	1		1	12	12	12		1	
1		1	11		12			1		1	13	1			1	1			1	
1	11		1	11		1		1	11		1		1	12		13	1		1	
1		1	13	1	1			11	1	1					1		1		1	
1	13					1	11		11		1	13	1		1		1		1	
1	12		1	1	1		1	1	1	1			1		1		1		1	
1	11	1	11				12	12			1	1			1		1		1	
1			11	1	1	1				1		12	1			1			1	
1		1			12		1	1	1				1						1	
1			1	12	1	1	12			1	1	12		1	1	1	1		1	
1			12	1				1	1	12		1							1	
1			1		1	11	1	11			1		1	1	1	1	1		1	
1			1		1		1	12		13	1		11				13		1	
1				13						11	13								1	
1	1	1	1	1	1	1	1	1	1	1	1	1	1	1	1	1	1	1	1	

***************************************************************
valasz irasa
valasz serialize
valasz kuldese
valasz elkuldve
readed size:827
msg string length:827
uj uzenet olvasva
 
13
state olvasasa
mapWidth:20 mapHeight:20
hp:67 id:1
map olvasasa
jatekos pozicio: x:1 y:1
***************************************************************
1	1	1	1	1	1	1	1	1	1	1	1	1	1	1	1	1	1	1	1	
1	1001	13								13		12							1	
1		1		1	11	1	1	13	1		1			1	1	1	1		1	
1		1		1	11	13		1	12		1		1					13	1	
1		1			1		13	1			1		1	11	1	1	1		1	
1	11		1	11		1	1	13			12	1		1	12	12	12		1	
1		1	11		12			1		1	13	1			1	1			1	
1	11		1	11		1		1	11		1		1	12		13	1		1	
1		1	13	1	1			11	1	1					1		1		1	
1	13					1	11		11		1	13	1		1		1		1	
1	12		1	1	1		1	1	1	1			1		1		1		1	
1	11	1	11				12	12			1	1			1		1		1	
1			11	1	1	1				1		12	1			1			1	
1		1			12		1	1	1				1						1	
1			1	12	1	1	12			1	1	12		1	1	1	1		1	
1			12	1				1	1	12		1							1	
1			1		1	11	1	11			1		1	1	1	1	1		1	
1			1		1		1	12		13	1		11				13		1	
1				13						11	13								1	
1	1	1	1	1	1	1	1	1	1	1	1	1	1	1	1	1	1	1	1	

***************************************************************
valasz irasa
valasz serialize
valasz kuldese
valasz elkuldve
readed size:827
msg string length:827
uj uzenet olvasva
 
14
state olvasasa
mapWidth:20 mapHeight:20
hp:66 id:1
map olvasasa
jatekos pozicio: x:1 y:1
***************************************************************
1	1	1	1	1	1	1	1	1	1	1	1	1	1	1	1	1	1	1	1	
1	1001	13								13		12							1	
1		1		1	11	1	1	13	1		1			1	1	1	1		1	
1		1		1	11	13		1	12		1		1					13	1	
1		1			1		13	1			1		1	11	1	1	1		1	
1	11		1	11		1	1	13			12	1		1	12	12	12		1	
1		1	11		12			1		1	13	1			1	1			1	
1	11		1	11		1		1	11		1		1	12		13	1		1	
1		1	13	1	1			11	1	1					1		1		1	
1	13					1	11		11		1	13	1		1		1		1	
1	12		1	1	1		1	1	1	1			1		1		1		1	
1	11	1	11				12	12			1	1			1		1		1	
1			11	1	1	1				1		12	1			1			1	
1		1			12		1	1	1				1						1	
1			1	12	1	1	12			1	1	12		1	1	1	1		1	
1			12	1				1	1	12		1							1	
1			1		1	11	1	11			1		1	1	1	1	1		1	
1			1		1		1	12		13	1		11				13		1	
1				13						11	13								1	
1	1	1	1	1	1	1	1	1	1	1	1	1	1	1	1	1	1	1	1	

***************************************************************
valasz irasa
valasz serialize
valasz kuldese
valasz elkuldve
readed size:827
msg string length:827
uj uzenet olvasva
 
15
state olvasasa
mapWidth:20 mapHeight:20
hp:65 id:1
map olvasasa
jatekos pozicio: x:1 y:1
***************************************************************
1	1	1	1	1	1	1	1	1	1	1	1	1	1	1	1	1	1	1	1	
1	1001	13								13		12							1	
1		1		1	11	1	1	13	1		1			1	1	1	1		1	
1		1		1	11	13		1	12		1		1					13	1	
1		1			1		13	1			1		1	11	1	1	1		1	
1	11		1	11		1	1	13		11	12	1		1	12	12	12		1	
1		1	11		12			1		1	13	1			1	1			1	
1	11		1	11		1		1	11		1		1	12		13	1		1	
1		1	13	1	1			11	1	1					1		1		1	
1	13					1	11		11		1	13	1		1		1		1	
1	12		1	1	1		1	1	1	1			1		1		1		1	
1	11	1	11				12	12			1	1			1		1		1	
1			11	1	1	1				1		12	1			1			1	
1		1			12		1	1	1				1						1	
1			1	12	1	1	12			1	1	12		1	1	1	1		1	
1			12	1				1	1	12		1							1	
1			1		1	11	1	11			1		1	1	1	1	1		1	
1			1		1		1	12		13	1		11				13		1	
1				13						11	13								1	
1	1	1	1	1	1	1	1	1	1	1	1	1	1	1	1	1	1	1	1	

***************************************************************
valasz irasa
valasz serialize
valasz kuldese
valasz elkuldve
readed size:827
msg string length:827
uj uzenet olvasva
 
16
state olvasasa
mapWidth:20 mapHeight:20
hp:64 id:1
map olvasasa
jatekos pozicio: x:1 y:1
***************************************************************
1	1	1	1	1	1	1	1	1	1	1	1	1	1	1	1	1	1	1	1	
1	1001	13								13		12							1	
1		1		1	11	1	1	13	1		1			1	1	1	1		1	
1		1		1	11	13		1	12		1		1					13	1	
1		1			1		13	1			1		1	11	1	1	1		1	
1	11		1	11		1	1	13		11	12	1		1	12	12	12		1	
1		1	11		12			1		1	13	1			1	1			1	
1	11		1	11		1		1	11		1		1	12		13	1		1	
1		1	13	1	1			11	1	1					1		1		1	
1	13					1	11		11		1	13	1		1		1		1	
1	12		1	1	1		1	1	1	1			1		1		1		1	
1	11	1	11				12	12			1	1			1		1		1	
1			11	1	1	1				1		12	1			1			1	
1		1			12		1	1	1				1						1	
1			1	12	1	1	12			1	1	12		1	1	1	1		1	
1			12	1				1	1	12		1							1	
1			1		1	11	1	11			1		1	1	1	1	1		1	
1			1		1		1	12		13	1		11				13		1	
1				13						11	13								1	
1	1	1	1	1	1	1	1	1	1	1	1	1	1	1	1	1	1	1	1	

***************************************************************
valasz irasa
valasz serialize
valasz kuldese
valasz elkuldve
readed size:827
msg string length:827
uj uzenet olvasva
 
17
state olvasasa
mapWidth:20 mapHeight:20
hp:63 id:1
map olvasasa
jatekos pozicio: x:1 y:1
***************************************************************
1	1	1	1	1	1	1	1	1	1	1	1	1	1	1	1	1	1	1	1	
1	1001	13								13		12							1	
1		1		1	11	1	1	13	1		1			1	1	1	1		1	
1		1		1	11	13		1	12		1		1					13	1	
1		1			1		13	1			1		1	11	1	1	1		1	
1	11		1	11		1	1	13		11	12	1		1	12	12	12		1	
1		1	11	12	12			1		1	13	1			1	1			1	
1	11		1	11		1		1	11		1		1	12		13	1		1	
1		1	13	1	1			11	1	1					1		1		1	
1	13					1	11		11		1	13	1		1		1		1	
1	12		1	1	1		1	1	1	1			1		1		1		1	
1	11	1	11				12	12			1	1			1		1		1	
1			11	1	1	1				1		12	1			1			1	
1		1			12		1	1	1				1						1	
1			1	12	1	1	12			1	1	12		1	1	1	1		1	
1			12	1				1	1	12		1							1	
1			1		1	11	1	11			1		1	1	1	1	1		1	
1			1		1		1	12		13	1		11				13		1	
1				13						11	13								1	
1	1	1	1	1	1	1	1	1	1	1	1	1	1	1	1	1	1	1	1	

***************************************************************
valasz irasa
valasz serialize
valasz kuldese
valasz elkuldve
readed size:827
msg string length:827
uj uzenet olvasva
 
18
state olvasasa
mapWidth:20 mapHeight:20
hp:62 id:1
map olvasasa
jatekos pozicio: x:1 y:1
***************************************************************
1	1	1	1	1	1	1	1	1	1	1	1	1	1	1	1	1	1	1	1	
1	1001	13								13		12							1	
1		1		1	11	1	1	13	1		1			1	1	1	1		1	
1		1		1	11	13		1	12		1		1					13	1	
1		1			1		13	1			1		1	11	1	1	1		1	
1	11		1	11		1	1	13		11	12	1		1	12	12	12		1	
1		1	11	12	12			1		1	13	1			1	1			1	
1	11		1	11		1		1	11		1		1	12		13	1		1	
1		1	13	1	1			11	1	1					1		1		1	
1	13					1	11		11		1	13	1		1		1		1	
1	12		1	1	1		1	1	1	1			1		1		1		1	
1	11	1	11				12	12			1	1			1		1		1	
1			11	1	1	1				1		12	1			1			1	
1		1			12		1	1	1				1						1	
1			1	12	1	1	12			1	1	12		1	1	1	1		1	
1			12	1		11		1	1	12		1							1	
1			1		1	11	1	11			1		1	1	1	1	1		1	
1			1		1		1	12		13	1		11				13		1	
1				13						11	13								1	
1	1	1	1	1	1	1	1	1	1	1	1	1	1	1	1	1	1	1	1	

***************************************************************
valasz irasa
valasz serialize
valasz kuldese
valasz elkuldve
readed size:827
msg string length:827
uj uzenet olvasva
 
19
state olvasasa
mapWidth:20 mapHeight:20
hp:61 id:1
map olvasasa
jatekos pozicio: x:1 y:1
***************************************************************
1	1	1	1	1	1	1	1	1	1	1	1	1	1	1	1	1	1	1	1	
1	1001	13			11					13		12							1	
1		1		1	11	1	1	13	1		1			1	1	1	1		1	
1		1		1	11	13		1	12		1		1					13	1	
1		1			1		13	1			1		1	11	1	1	1		1	
1	11		1	11		1	1	13		11	12	1		1	12	12	12		1	
1		1	11	12	12			1		1	13	1			1	1			1	
1	11		1	11		1		1	11		1		1	12		13	1		1	
1		1	13	1	1			11	1	1					1		1		1	
1	13					1	11		11		1	13	1		1		1		1	
1	12		1	1	1		1	1	1	1			1		1		1		1	
1	11	1	11				12	12			1	1			1		1		1	
1			11	1	1	1				1		12	1			1			1	
1		1			12		1	1	1				1						1	
1			1	12	1	1	12			1	1	12		1	1	1	1		1	
1			12	1		11		1	1	12		1							1	
1			1		1	11	1	11			1		1	1	1	1	1		1	
1			1		1		1	12		13	1		11				13		1	
1				13						11	13								1	
1	1	1	1	1	1	1	1	1	1	1	1	1	1	1	1	1	1	1	1	

***************************************************************
valasz irasa
valasz serialize
valasz kuldese
valasz elkuldve
readed size:827
msg string length:827
uj uzenet olvasva
 
20
state olvasasa
mapWidth:20 mapHeight:20
hp:60 id:1
map olvasasa
jatekos pozicio: x:1 y:1
***************************************************************
1	1	1	1	1	1	1	1	1	1	1	1	1	1	1	1	1	1	1	1	
1	1001	13			11					13		12							1	
1		1		1	11	1	1	13	1		1			1	1	1	1		1	
1		1		1	11	13		1	12		1		1					13	1	
1		1			1		13	1			1		1	11	1	1	1		1	
1	11		1	11		1	1	13		11	12	1		1	12	12	12		1	
1	12	1	11	12	12			1		1	13	1			1	1			1	
1	11		1	11		1		1	11		1		1	12		13	1		1	
1		1	13	1	1			11	1	1					1		1		1	
1	13					1	11		11		1	13	1		1		1		1	
1	12		1	1	1		1	1	1	1			1		1		1		1	
1	11	1	11				12	12			1	1			1		1		1	
1			11	1	1	1				1		12	1			1			1	
1		1			12		1	1	1				1						1	
1			1	12	1	1	12			1	1	12		1	1	1	1		1	
1			12	1		11		1	1	12		1							1	
1			1		1	11	1	11			1		1	1	1	1	1		1	
1			1		1		1	12		13	1		11				13		1	
1				13						11	13								1	
1	1	1	1	1	1	1	1	1	1	1	1	1	1	1	1	1	1	1	1	

***************************************************************
valasz irasa
valasz serialize
valasz kuldese
valasz elkuldve
readed size:827
msg string length:827
uj uzenet olvasva
 
21
state olvasasa
mapWidth:20 mapHeight:20
hp:59 id:1
map olvasasa
jatekos pozicio: x:1 y:1
***************************************************************
1	1	1	1	1	1	1	1	1	1	1	1	1	1	1	1	1	1	1	1	
1	1001	13			11					13		12							1	
1		1		1	11	1	1	13	1		1			1	1	1	1		1	
1		1		1	11	13		1	12		1		1					13	1	
1		1			1		13	1			1		1	11	1	1	1		1	
1	11		1	11		1	1	13		11	12	1		1	12	12	12		1	
1	12	1	11	12	12			1		1	13	1			1	1			1	
1	11		1	11		1		1	11		1	11	1	12		13	1		1	
1		1	13	1	1			11	1	1					1		1		1	
1	13					1	11		11		1	13	1		1		1		1	
1	12		1	1	1		1	1	1	1			1		1		1		1	
1	11	1	11				12	12			1	1			1		1		1	
1			11	1	1	1				1		12	1			1			1	
1		1			12		1	1	1				1						1	
1			1	12	1	1	12			1	1	12		1	1	1	1		1	
1			12	1		11		1	1	12		1							1	
1			1		1	11	1	11			1		1	1	1	1	1		1	
1			1		1		1	12		13	1		11				13		1	
1				13						11	13								1	
1	1	1	1	1	1	1	1	1	1	1	1	1	1	1	1	1	1	1	1	

***************************************************************
valasz irasa
valasz serialize
valasz kuldese
valasz elkuldve
readed size:827
msg string length:827
uj uzenet olvasva
 
22
state olvasasa
mapWidth:20 mapHeight:20
hp:58 id:1
map olvasasa
jatekos pozicio: x:1 y:1
***************************************************************
1	1	1	1	1	1	1	1	1	1	1	1	1	1	1	1	1	1	1	1	
1	1001	13			11					13		12							1	
1		1		1	11	1	1	13	1		1			1	1	1	1		1	
1		1		1	11	13		1	12		1		1					13	1	
1		1			1		13	1			1		1	11	1	1	1		1	
1	11		1	11		1	1	13		11	12	1		1	12	12	12		1	
1	12	1	11	12	12			1		1	13	1			1	1			1	
1	11		1	11		1		1	11		1	11	1	12		13	1		1	
1		1	13	1	1			11	1	1					1		1		1	
1	13					1	11		11		1	13	1		1		1		1	
1	12		1	1	1		1	1	1	1			1		1		1		1	
1	11	1	11				12	12			1	1			1		1		1	
1			11	1	1	1				1		12	1			1			1	
1		1			12		1	1	1				1						1	
1			1	12	1	1	12			1	1	12		1	1	1	1		1	
1			12	1		11		1	1	12		1							1	
1			1		1	11	1	11			1		1	1	1	1	1		1	
1			1		1		1	12		13	1		11				13		1	
1				13						11	13								1	
1	1	1	1	1	1	1	1	1	1	1	1	1	1	1	1	1	1	1	1	

***************************************************************
valasz irasa
valasz serialize
valasz kuldese
valasz elkuldve
readed size:827
msg string length:827
uj uzenet olvasva
 
23
state olvasasa
mapWidth:20 mapHeight:20
hp:57 id:1
map olvasasa
jatekos pozicio: x:1 y:1
***************************************************************
1	1	1	1	1	1	1	1	1	1	1	1	1	1	1	1	1	1	1	1	
1	1001	13			11					13		12							1	
1		1		1	11	1	1	13	1		1			1	1	1	1		1	
1		1		1	11	13		1	12		1		1					13	1	
1		1			1		13	1			1		1	11	1	1	1		1	
1	11		1	11		1	1	13		11	12	1		1	12	12	12		1	
1	12	1	11	12	12			1		1	13	1			1	1			1	
1	11		1	11		1		1	11		1	11	1	12		13	1		1	
1		1	13	1	1			11	1	1					1		1		1	
1	13					1	11		11		1	13	1		1		1		1	
1	12		1	1	1		1	1	1	1			1		1		1		1	
1	11	1	11				12	12			1	1			1		1		1	
1			11	1	1	1				1		12	1			1			1	
1		1			12		1	1	1				1						1	
1			1	12	1	1	12			1	1	12		1	1	1	1		1	
1			12	1		11		1	1	12		1							1	
1			1		1	11	1	11			1		1	1	1	1	1		1	
1			1		1		1	12		13	1		11				13		1	
1				13						11	13								1	
1	1	1	1	1	1	1	1	1	1	1	1	1	1	1	1	1	1	1	1	

***************************************************************
valasz irasa
valasz serialize
valasz kuldese
valasz elkuldve
readed size:827
msg string length:827
uj uzenet olvasva
 
24
state olvasasa
mapWidth:20 mapHeight:20
hp:56 id:1
map olvasasa
jatekos pozicio: x:1 y:1
***************************************************************
1	1	1	1	1	1	1	1	1	1	1	1	1	1	1	1	1	1	1	1	
1	1001	13			11					13		12							1	
1		1		1	11	1	1	13	1		1			1	1	1	1		1	
1		1		1	11	13		1	12		1		1					13	1	
1		1			1		13	1			1		1	11	1	1	1		1	
1	11		1	11		1	1	13		11	12	1		1	12	12	12		1	
1	12	1	11	12	12			1		1	13	1			1	1			1	
1	11		1	11		1		1	11		1	11	1	12		13	1		1	
1		1	13	1	1			11	1	1					1		1		1	
1	13					1	11		11		1	13	1		1		1		1	
1	12		1	1	1		1	1	1	1			1		1		1		1	
1	11	1	11				12	12			1	1			1		1		1	
1			11	1	1	1				1		12	1			1			1	
1		1			12		1	1	1				1						1	
1			1	12	1	1	12			1	1	12		1	1	1	1		1	
1			12	1		11		1	1	12		1							1	
1		11	1		1	11	1	11			1		1	1	1	1	1		1	
1			1		1		1	12		13	1		11				13		1	
1				13						11	13								1	
1	1	1	1	1	1	1	1	1	1	1	1	1	1	1	1	1	1	1	1	

***************************************************************
valasz irasa
valasz serialize
valasz kuldese
valasz elkuldve
readed size:827
msg string length:827
uj uzenet olvasva
 
25
state olvasasa
mapWidth:20 mapHeight:20
hp:55 id:1
map olvasasa
jatekos pozicio: x:1 y:1
***************************************************************
1	1	1	1	1	1	1	1	1	1	1	1	1	1	1	1	1	1	1	1	
1	1001	13			11					13		12							1	
1		1		1	11	1	1	13	1		1			1	1	1	1		1	
1		1		1	11	13		1	12		1		1					13	1	
1		1			1		13	1			1		1	11	1	1	1		1	
1	11		1	11		1	1	13		11	12	1		1	12	12	12		1	
1	12	1	11	12	12			1		1	13	1			1	1			1	
1	11		1	11		1		1	11		1	11	1	12		13	1		1	
1		1	13	1	1			11	1	1					1		1		1	
1	13					1	11		11		1	13	1		1		1		1	
1	12		1	1	1		1	1	1	1			1		1		1		1	
1	11	1	11				12	12			1	1			1		1		1	
1			11	1	1	1				1		12	1			1			1	
1		1			12		1	1	1				1						1	
1			1	12	1	1	12			1	1	12		1	1	1	1		1	
1			12	1		11		1	1	12		1							1	
1		11	1		1	11	1	11			1		1	1	1	1	1		1	
1			1		1		1	12		13	1		11				13		1	
1				13						11	13								1	
1	1	1	1	1	1	1	1	1	1	1	1	1	1	1	1	1	1	1	1	

***************************************************************
valasz irasa
valasz serialize
valasz kuldese
valasz elkuldve
readed size:827
msg string length:827
uj uzenet olvasva
 
26
state olvasasa
mapWidth:20 mapHeight:20
hp:54 id:1
map olvasasa
jatekos pozicio: x:1 y:1
***************************************************************
1	1	1	1	1	1	1	1	1	1	1	1	1	1	1	1	1	1	1	1	
1	1001	13			11					13		12							1	
1		1		1	11	1	1	13	1		1			1	1	1	1		1	
1		1		1	11	13		1	12		1		1					13	1	
1		1			1		13	1			1		1	11	1	1	1		1	
1	11		1	11		1	1	13		11	12	1		1	12	12	12		1	
1	12	1	11	12	12			1		1	13	1			1	1			1	
1	11		1	11		1		1	11		1	11	1	12		13	1		1	
1		1	13	1	1			11	1	1					1		1		1	
1	13					1	11		11		1	13	1		1		1		1	
1	12		1	1	1		1	1	1	1			1		1		1		1	
1	11	1	11				12	12			1	1		11	1		1		1	
1			11	1	1	1				1		12	1			1			1	
1		1			12		1	1	1				1						1	
1			1	12	1	1	12			1	1	12		1	1	1	1		1	
1			12	1		11		1	1	12		1							1	
1		11	1		1	11	1	11			1		1	1	1	1	1		1	
1			1		1		1	12		13	1		11				13		1	
1				13						11	13								1	
1	1	1	1	1	1	1	1	1	1	1	1	1	1	1	1	1	1	1	1	

***************************************************************
valasz irasa
valasz serialize
valasz kuldese
valasz elkuldve
readed size:827
msg string length:827
uj uzenet olvasva
 
27
state olvasasa
mapWidth:20 mapHeight:20
hp:53 id:1
map olvasasa
jatekos pozicio: x:1 y:1
***************************************************************
1	1	1	1	1	1	1	1	1	1	1	1	1	1	1	1	1	1	1	1	
1	1001	13			11					13		12							1	
1		1		1	11	1	1	13	1		1			1	1	1	1		1	
1		1		1	11	13		1	12		1		1					13	1	
1		1			1		13	1			1		1	11	1	1	1		1	
1	11		1	11		1	1	13		11	12	1		1	12	12	12		1	
1	12	1	11	12	12			1		1	13	1			1	1			1	
1	11		1	11		1		1	11		1	11	1	12		13	1		1	
1		1	13	1	1			11	1	1					1		1		1	
1	13					1	11		11		1	13	1		1		1		1	
1	12		1	1	1		1	1	1	1			1		1		1		1	
1	11	1	11				12	12			1	1		11	1		1		1	
1			11	1	1	1				1		12	1			1			1	
1		1			12		1	1	1				1						1	
1			1	12	1	1	12			1	1	12		1	1	1	1		1	
1			12	1		11		1	1	12		1							1	
1		11	1		1	11	1	11			1		1	1	1	1	1		1	
1			1		1		1	12		13	1		11				13		1	
1				13		11				11	13								1	
1	1	1	1	1	1	1	1	1	1	1	1	1	1	1	1	1	1	1	1	

***************************************************************
valasz irasa
valasz serialize
valasz kuldese
valasz elkuldve
readed size:827
msg string length:827
uj uzenet olvasva
 
28
state olvasasa
mapWidth:20 mapHeight:20
hp:52 id:1
map olvasasa
jatekos pozicio: x:1 y:1
***************************************************************
1	1	1	1	1	1	1	1	1	1	1	1	1	1	1	1	1	1	1	1	
1	1001	13			11					13		12							1	
1		1		1	11	1	1	13	1		1			1	1	1	1		1	
1		1		1	11	13		1	12		1		1					13	1	
1		1			1		13	1			1		1	11	1	1	1		1	
1	11		1	11		1	1	13		11	12	1		1	12	12	12		1	
1	12	1	11	12	12			1		1	13	1			1	1		13	1	
1	11		1	11		1		1	11		1	11	1	12		13	1		1	
1		1	13	1	1			11	1	1					1		1		1	
1	13					1	11		11		1	13	1		1		1		1	
1	12		1	1	1		1	1	1	1			1		1		1		1	
1	11	1	11				12	12			1	1		11	1		1		1	
1			11	1	1	1				1		12	1			1			1	
1		1			12		1	1	1				1						1	
1			1	12	1	1	12			1	1	12		1	1	1	1		1	
1			12	1		11		1	1	12		1							1	
1		11	1		1	11	1	11			1		1	1	1	1	1		1	
1			1		1		1	12		13	1		11				13		1	
1				13		11				11	13								1	
1	1	1	1	1	1	1	1	1	1	1	1	1	1	1	1	1	1	1	1	

***************************************************************
valasz irasa
valasz serialize
valasz kuldese
valasz elkuldve
readed size:827
msg string length:827
uj uzenet olvasva
 
29
state olvasasa
mapWidth:20 mapHeight:20
hp:51 id:1
map olvasasa
jatekos pozicio: x:1 y:1
***************************************************************
1	1	1	1	1	1	1	1	1	1	1	1	1	1	1	1	1	1	1	1	
1	1001	13			11					13		12							1	
1		1		1	11	1	1	13	1		1			1	1	1	1		1	
1		1		1	11	13		1	12		1		1					13	1	
1		1			1		13	1			1		1	11	1	1	1		1	
1	11		1	11		1	1	13		11	12	1		1	12	12	12		1	
1	12	1	11	12	12			1		1	13	1			1	1		13	1	
1	11		1	11		1		1	11		1	11	1	12		13	1		1	
1		1	13	1	1			11	1	1					1		1		1	
1	13					1	11		11		1	13	1		1		1		1	
1	12		1	1	1		1	1	1	1			1		1		1		1	
1	11	1	11				12	12			1	1		11	1		1		1	
1			11	1	1	1				1		12	1			1			1	
1		1			12		1	1	1				1						1	
1			1	12	1	1	12			1	1	12		1	1	1	1		1	
1			12	1		11		1	1	12		1							1	
1		11	1		1	11	1	11			1		1	1	1	1	1		1	
1			1		1		1	12		13	1		11				13		1	
1				13		11				11	13								1	
1	1	1	1	1	1	1	1	1	1	1	1	1	1	1	1	1	1	1	1	

***************************************************************
valasz irasa
valasz serialize
valasz kuldese
valasz elkuldve
readed size:827
msg string length:827
uj uzenet olvasva
 
30
state olvasasa
mapWidth:20 mapHeight:20
hp:50 id:1
map olvasasa
jatekos pozicio: x:1 y:1
***************************************************************
1	1	1	1	1	1	1	1	1	1	1	1	1	1	1	1	1	1	1	1	
1	1001	13			11					13		12							1	
1		1		1	11	1	1	13	1		1			1	1	1	1		1	
1		1		1	11	13		1	12		1		1					13	1	
1		1			1		13	1			1		1	11	1	1	1		1	
1	11		1	11		1	1	13		11	12	1		1	12	12	12		1	
1	12	1	11	12	12			1		1	13	1			1	1		13	1	
1	11		1	11		1		1	11		1	11	1	12		13	1		1	
1		1	13	1	1			11	1	1					1		1		1	
1	13					1	11		11		1	13	1		1		1		1	
1	12		1	1	1		1	1	1	1			1		1		1		1	
1	11	1	11				12	12			1	1		11	1		1		1	
1			11	1	1	1				1		12	1			1			1	
1		1			12		1	1	1				1						1	
1			1	12	1	1	12			1	1	12		1	1	1	1		1	
1			12	1		11		1	1	12		1							1	
1		11	1		1	11	1	11			1		1	1	1	1	1		1	
1			1		1		1	12		13	1		11				13		1	
1				13		11				11	13								1	
1	1	1	1	1	1	1	1	1	1	1	1	1	1	1	1	1	1	1	1	

***************************************************************
valasz irasa
valasz serialize
valasz kuldese
valasz elkuldve
readed size:827
msg string length:827
uj uzenet olvasva
 
31
state olvasasa
mapWidth:20 mapHeight:20
hp:49 id:1
map olvasasa
jatekos pozicio: x:1 y:1
***************************************************************
1	1	1	1	1	1	1	1	1	1	1	1	1	1	1	1	1	1	1	1	
1	1001	13			11					13		12							1	
1		1		1	11	1	1	13	1		1			1	1	1	1		1	
1		1		1	11	13		1	12		1		1					13	1	
1		1			1		13	1			1		1	11	1	1	1		1	
1	11		1	11		1	1	13		11	12	1		1	12	12	12		1	
1	12	1	11	12	12			1		1	13	1			1	1		13	1	
1	11		1	11		1		1	11		1	11	1	12		13	1		1	
1		1	13	1	1			11	1	1					1		1		1	
1	13					1	11		11		1	13	1		1		1		1	
1	12		1	1	1		1	1	1	1			1		1		1		1	
1	11	1	11				12	12			1	1		11	1		1		1	
1			11	1	1	1				1		12	1			1			1	
1		1			12		1	1	1				1						1	
1			1	12	1	1	12			1	1	12		1	1	1	1		1	
1			12	1		11		1	1	12		1							1	
1		11	1		1	11	1	11			1		1	1	1	1	1		1	
1			1		1		1	12		13	1		11				13		1	
1				13		11				11	13								1	
1	1	1	1	1	1	1	1	1	1	1	1	1	1	1	1	1	1	1	1	

***************************************************************
valasz irasa
valasz serialize
valasz kuldese
valasz elkuldve
readed size:827
msg string length:827
uj uzenet olvasva
 
32
state olvasasa
mapWidth:20 mapHeight:20
hp:48 id:1
map olvasasa
jatekos pozicio: x:1 y:1
***************************************************************
1	1	1	1	1	1	1	1	1	1	1	1	1	1	1	1	1	1	1	1	
1	1001	13			11					13		12							1	
1		1		1	11	1	1	13	1		1			1	1	1	1		1	
1		1		1	11	13		1	12		1		1					13	1	
1		1			1		13	1			1		1	11	1	1	1		1	
1	11		1	11		1	1	13		11	12	1		1	12	12	12		1	
1	12	1	11	12	12			1		1	13	1			1	1		13	1	
1	11		1	11		1		1	11		1	11	1	12		13	1		1	
1		1	13	1	1			11	1	1					1		1		1	
1	13					1	11		11		1	13	1		1		1		1	
1	12		1	1	1		1	1	1	1			1		1		1		1	
1	11	1	11				12	12			1	1		11	1		1		1	
1			11	1	1	1				1		12	1			1			1	
1		1			12		1	1	1				1						1	
1			1	12	1	1	12			1	1	12		1	1	1	1		1	
1			12	1		11		1	1	12		1							1	
1		11	1		1	11	1	11			1		1	1	1	1	1		1	
1			1		1		1	12		13	1		11				13		1	
1				13		11				11	13								1	
1	1	1	1	1	1	1	1	1	1	1	1	1	1	1	1	1	1	1	1	

***************************************************************
valasz irasa
valasz serialize
valasz kuldese
valasz elkuldve
readed size:827
msg string length:827
uj uzenet olvasva
 
33
state olvasasa
mapWidth:20 mapHeight:20
hp:47 id:1
map olvasasa
jatekos pozicio: x:1 y:1
***************************************************************
1	1	1	1	1	1	1	1	1	1	1	1	1	1	1	1	1	1	1	1	
1	1001	13			11					13		12							1	
1		1		1	11	1	1	13	1		1			1	1	1	1		1	
1		1		1	11	13		1	12		1		1					13	1	
1		1			1		13	1			1		1	11	1	1	1		1	
1	11		1	11		1	1	13		11	12	1		1	12	12	12		1	
1	12	1	11	12	12			1		1	13	1			1	1		13	1	
1	11		1	11		1		1	11		1	11	1	12		13	1		1	
1		1	13	1	1			11	1	1					1		1		1	
1	13					1	11		11		1	13	1		1		1		1	
1	12		1	1	1		1	1	1	1			1		1		1		1	
1	11	1	11				12	12			1	1		11	1		1		1	
1			11	1	1	1				1		12	1			1			1	
1		1			12		1	1	1				1						1	
1			1	12	1	1	12			1	1	12		1	1	1	1		1	
1			12	1		11		1	1	12		1							1	
1		11	1		1	11	1	11			1		1	1	1	1	1		1	
1			1		1		1	12		13	1		11				13		1	
1				13		11				11	13								1	
1	1	1	1	1	1	1	1	1	1	1	1	1	1	1	1	1	1	1	1	

***************************************************************
valasz irasa
valasz serialize
valasz kuldese
valasz elkuldve
readed size:827
msg string length:827
uj uzenet olvasva
 
34
state olvasasa
mapWidth:20 mapHeight:20
hp:46 id:1
map olvasasa
jatekos pozicio: x:1 y:1
***************************************************************
1	1	1	1	1	1	1	1	1	1	1	1	1	1	1	1	1	1	1	1	
1	1001	13			11					13		12							1	
1		1		1	11	1	1	13	1		1			1	1	1	1		1	
1		1		1	11	13		1	12		1		1					13	1	
1		1			1		13	1			1		1	11	1	1	1		1	
1	11		1	11		1	1	13		11	12	1		1	12	12	12		1	
1	12	1	11	12	12			1		1	13	1			1	1		13	1	
1	11		1	11		1		1	11		1	11	1	12		13	1		1	
1		1	13	1	1			11	1	1					1		1		1	
1	13					1	11		11		1	13	1		1		1		1	
1	12		1	1	1		1	1	1	1			1		1		1		1	
1	11	1	11				12	12			1	1		11	1		1		1	
1			11	1	1	1				1		12	1			1			1	
1		1			12		1	1	1				1						1	
1			1	12	1	1	12			1	1	12		1	1	1	1		1	
1			12	1		11		1	1	12		1							1	
1		11	1		1	11	1	11			1		1	1	1	1	1		1	
1			1		1		1	12		13	1		11				13		1	
1				13		11				11	13								1	
1	1	1	1	1	1	1	1	1	1	1	1	1	1	1	1	1	1	1	1	

***************************************************************
valasz irasa
valasz serialize
valasz kuldese
valasz elkuldve
readed size:827
msg string length:827
uj uzenet olvasva
 
35
state olvasasa
mapWidth:20 mapHeight:20
hp:45 id:1
map olvasasa
jatekos pozicio: x:1 y:1
***************************************************************
1	1	1	1	1	1	1	1	1	1	1	1	1	1	1	1	1	1	1	1	
1	1001	13			11					13		12							1	
1		1		1	11	1	1	13	1		1			1	1	1	1		1	
1		1		1	11	13		1	12		1		1					13	1	
1		1			1		13	1			1		1	11	1	1	1		1	
1	11		1	11		1	1	13		11	12	1		1	12	12	12		1	
1	12	1	11	12	12			1		1	13	1			1	1		13	1	
1	11		1	11		1		1	11		1	11	1	12		13	1		1	
1		1	13	1	1			11	1	1					1		1		1	
1	13					1	11		11		1	13	1		1		1		1	
1	12		1	1	1		1	1	1	1			1		1		1		1	
1	11	1	11				12	12			1	1		11	1		1		1	
1			11	1	1	1				1		12	1			1			1	
1		1			12		1	1	1				1						1	
1			1	12	1	1	12			1	1	12		1	1	1	1		1	
1			12	1		11		1	1	12		1							1	
1		11	1		1	11	1	11			1		1	1	1	1	1		1	
1			1		1		1	12		13	1		11				13		1	
1				13		11				11	13								1	
1	1	1	1	1	1	1	1	1	1	1	1	1	1	1	1	1	1	1	1	

***************************************************************
valasz irasa
valasz serialize
valasz kuldese
valasz elkuldve
readed size:827
msg string length:827
uj uzenet olvasva
 
36
state olvasasa
mapWidth:20 mapHeight:20
hp:44 id:1
map olvasasa
jatekos pozicio: x:1 y:1
***************************************************************
1	1	1	1	1	1	1	1	1	1	1	1	1	1	1	1	1	1	1	1	
1	1001	13			11					13		12							1	
1		1		1	11	1	1	13	1		1			1	1	1	1		1	
1		1		1	11	13		1	12		1		1					13	1	
1		1			1		13	1			1		1	11	1	1	1		1	
1	11		1	11		1	1	13		11	12	1		1	12	12	12		1	
1	12	1	11	12	12			1		1	13	1			1	1		13	1	
1	11		1	11		1		1	11		1	11	1	12		13	1		1	
1		1	13	1	1			11	1	1					1		1		1	
1	13					1	11		11		1	13	1		1		1		1	
1	12		1	1	1		1	1	1	1			1		1		1		1	
1	11	1	11				12	12			1	1		11	1		1		1	
1			11	1	1	1				1		12	1			1			1	
1		1			12		1	1	1				1						1	
1			1	12	1	1	12			1	1	12		1	1	1	1		1	
1			12	1		11		1	1	12		1							1	
1		11	1		1	11	1	11			1		1	1	1	1	1		1	
1			1		1		1	12		13	1		11				13		1	
1				13		11				11	13								1	
1	1	1	1	1	1	1	1	1	1	1	1	1	1	1	1	1	1	1	1	

***************************************************************
valasz irasa
valasz serialize
valasz kuldese
valasz elkuldve
readed size:827
msg string length:827
uj uzenet olvasva
 
37
state olvasasa
mapWidth:20 mapHeight:20
hp:43 id:1
map olvasasa
jatekos pozicio: x:1 y:1
***************************************************************
1	1	1	1	1	1	1	1	1	1	1	1	1	1	1	1	1	1	1	1	
1	1001	13			11					13		12							1	
1		1		1	11	1	1	13	1		1			1	1	1	1		1	
1		1		1	11	13		1	12		1		1					13	1	
1		1			1		13	1			1		1	11	1	1	1		1	
1	11		1	11		1	1	13		11	12	1		1	12	12	12		1	
1	12	1	11	12	12			1		1	13	1			1	1		13	1	
1	11		1	11		1		1	11		1	11	1	12		13	1		1	
1		1	13	1	1			11	1	1					1		1		1	
1	13					1	11		11		1	13	1		1		1		1	
1	12		1	1	1		1	1	1	1			1		1		1		1	
1	11	1	11				12	12			1	1		11	1		1		1	
1			11	1	1	1				1		12	1			1			1	
1		1			12		1	1	1				1						1	
1			1	12	1	1	12			1	1	12		1	1	1	1		1	
1			12	1		11		1	1	12		1							1	
1		11	1		1	11	1	11			1		1	1	1	1	1		1	
1			1		1		1	12		13	1		11				13		1	
1				13		11				11	13								1	
1	1	1	1	1	1	1	1	1	1	1	1	1	1	1	1	1	1	1	1	

***************************************************************
valasz irasa
valasz serialize
valasz kuldese
valasz elkuldve
readed size:827
msg string length:827
uj uzenet olvasva
 
38
state olvasasa
mapWidth:20 mapHeight:20
hp:42 id:1
map olvasasa
jatekos pozicio: x:1 y:1
***************************************************************
1	1	1	1	1	1	1	1	1	1	1	1	1	1	1	1	1	1	1	1	
1	1001	13			11					13		12							1	
1		1		1	11	1	1	13	1		1			1	1	1	1		1	
1		1		1	11	13		1	12		1		1					13	1	
1		1			1		13	1			1		1	11	1	1	1		1	
1	11		1	11		1	1	13		11	12	1		1	12	12	12		1	
1	12	1	11	12	12			1		1	13	1			1	1		13	1	
1	11		1	11		1		1	11		1	11	1	12		13	1		1	
1		1	13	1	1			11	1	1					1		1		1	
1	13					1	11		11		1	13	1		1		1		1	
1	12		1	1	1		1	1	1	1			1		1		1		1	
1	11	1	11				12	12			1	1		11	1		1		1	
1			11	1	1	1				1		12	1			1			1	
1		1			12		1	1	1				1						1	
1			1	12	1	1	12			1	1	12		1	1	1	1		1	
1			12	1		11		1	1	12		1							1	
1		11	1		1	11	1	11			1		1	1	1	1	1		1	
1			1		1		1	12		13	1		11				13		1	
1				13		11				11	13								1	
1	1	1	1	1	1	1	1	1	1	1	1	1	1	1	1	1	1	1	1	

***************************************************************
valasz irasa
valasz serialize
valasz kuldese
valasz elkuldve
readed size:827
msg string length:827
uj uzenet olvasva
 
39
state olvasasa
mapWidth:20 mapHeight:20
hp:41 id:1
map olvasasa
jatekos pozicio: x:1 y:1
***************************************************************
1	1	1	1	1	1	1	1	1	1	1	1	1	1	1	1	1	1	1	1	
1	1001	13			11					13		12							1	
1		1		1	11	1	1	13	1		1			1	1	1	1		1	
1		1		1	11	13		1	12		1		1					13	1	
1		1			1		13	1			1		1	11	1	1	1		1	
1	11		1	11		1	1	13		11	12	1		1	12	12	12		1	
1	12	1	11	12	12			1		1	13	1			1	1		13	1	
1	11		1	11		1		1	11		1	11	1	12		13	1		1	
1		1	13	1	1			11	1	1					1		1		1	
1	13					1	11		11		1	13	1		1		1		1	
1	12		1	1	1		1	1	1	1			1		1		1		1	
1	11	1	11				12	12			1	1		11	1		1		1	
1			11	1	1	1				1		12	1			1			1	
1		1			12		1	1	1				1						1	
1			1	12	1	1	12			1	1	12		1	1	1	1		1	
1			12	1		11		1	1	12		1							1	
1		11	1		1	11	1	11			1		1	1	1	1	1		1	
1			1		1		1	12		13	1		11				13		1	
1				13		11				11	13								1	
1	1	1	1	1	1	1	1	1	1	1	1	1	1	1	1	1	1	1	1	

***************************************************************
valasz irasa
valasz serialize
valasz kuldese
valasz elkuldve
readed size:827
msg string length:827
uj uzenet olvasva
 
40
state olvasasa
mapWidth:20 mapHeight:20
hp:40 id:1
map olvasasa
jatekos pozicio: x:1 y:1
***************************************************************
1	1	1	1	1	1	1	1	1	1	1	1	1	1	1	1	1	1	1	1	
1	1001	13			11					13		12							1	
1		1		1	11	1	1	13	1		1			1	1	1	1		1	
1		1		1	11	13		1	12		1		1					13	1	
1		1			1		13	1			1		1	11	1	1	1		1	
1	11		1	11		1	1	13		11	12	1		1	12	12	12		1	
1	12	1	11	12	12			1		1	13	1			1	1		13	1	
1	11		1	11		1		1	11		1	11	1	12		13	1		1	
1		1	13	1	1			11	1	1					1		1		1	
1	13					1	11		11		1	13	1		1		1		1	
1	12		1	1	1		1	1	1	1			1		1		1		1	
1	11	1	11				12	12			1	1		11	1		1		1	
1			11	1	1	1				1		12	1			1			1	
1		1			12		1	1	1				1						1	
1			1	12	1	1	12			1	1	12		1	1	1	1		1	
1			12	1		11		1	1	12		1							1	
1		11	1		1	11	1	11			1		1	1	1	1	1		1	
1			1		1		1	12		13	1		11				13		1	
1				13		11				11	13								1	
1	1	1	1	1	1	1	1	1	1	1	1	1	1	1	1	1	1	1	1	

***************************************************************
valasz irasa
valasz serialize
valasz kuldese
valasz elkuldve
readed size:827
msg string length:827
uj uzenet olvasva
 
41
state olvasasa
mapWidth:20 mapHeight:20
hp:39 id:1
map olvasasa
jatekos pozicio: x:1 y:1
***************************************************************
1	1	1	1	1	1	1	1	1	1	1	1	1	1	1	1	1	1	1	1	
1	1001	13			11					13		12							1	
1		1		1	11	1	1	13	1		1			1	1	1	1		1	
1		1		1	11	13		1	12		1		1					13	1	
1		1			1		13	1			1		1	11	1	1	1		1	
1	11		1	11		1	1	13		11	12	1		1	12	12	12		1	
1	12	1	11	12	12			1		1	13	1			1	1		13	1	
1	11		1	11		1		1	11		1	11	1	12		13	1		1	
1		1	13	1	1			11	1	1					1		1		1	
1	13					1	11		11		1	13	1		1		1		1	
1	12		1	1	1		1	1	1	1			1		1		1		1	
1	11	1	11				12	12			1	1		11	1		1		1	
1			11	1	1	1				1		12	1			1			1	
1		1			12		1	1	1				1						1	
1			1	12	1	1	12			1	1	12		1	1	1	1		1	
1			12	1		11		1	1	12		1							1	
1		11	1		1	11	1	11			1		1	1	1	1	1		1	
1			1		1		1	12		13	1		11				13		1	
1				13		11				11	13								1	
1	1	1	1	1	1	1	1	1	1	1	1	1	1	1	1	1	1	1	1	

***************************************************************
valasz irasa
valasz serialize
valasz kuldese
valasz elkuldve
readed size:827
msg string length:827
uj uzenet olvasva
 
42
state olvasasa
mapWidth:20 mapHeight:20
hp:38 id:1
map olvasasa
jatekos pozicio: x:1 y:1
***************************************************************
1	1	1	1	1	1	1	1	1	1	1	1	1	1	1	1	1	1	1	1	
1	1001	13			11					13		12							1	
1		1		1	11	1	1	13	1		1			1	1	1	1		1	
1		1		1	11	13		1	12		1		1					13	1	
1		1			1		13	1			1		1	11	1	1	1		1	
1	11		1	11		1	1	13		11	12	1		1	12	12	12		1	
1	12	1	11	12	12			1		1	13	1			1	1		13	1	
1	11		1	11		1		1	11		1	11	1	12		13	1		1	
1		1	13	1	1			11	1	1					1		1		1	
1	13					1	11		11		1	13	1		1		1		1	
1	12		1	1	1		1	1	1	1			1		1		1		1	
1	11	1	11				12	12			1	1		11	1		1		1	
1			11	1	1	1				1		12	1			1			1	
1		1			12		1	1	1				1						1	
1			1	12	1	1	12			1	1	12		1	1	1	1		1	
1			12	1		11		1	1	12		1							1	
1		11	1		1	11	1	11			1		1	1	1	1	1		1	
1			1		1		1	12		13	1		11				13		1	
1				13		11				11	13								1	
1	1	1	1	1	1	1	1	1	1	1	1	1	1	1	1	1	1	1	1	

***************************************************************
valasz irasa
valasz serialize
valasz kuldese
valasz elkuldve
readed size:827
msg string length:827
uj uzenet olvasva
 
43
state olvasasa
mapWidth:20 mapHeight:20
hp:37 id:1
map olvasasa
jatekos pozicio: x:1 y:1
***************************************************************
1	1	1	1	1	1	1	1	1	1	1	1	1	1	1	1	1	1	1	1	
1	1001	13			11					13		12							1	
1		1		1	11	1	1	13	1		1			1	1	1	1		1	
1		1		1	11	13		1	12		1		1					13	1	
1		1			1		13	1			1		1	11	1	1	1		1	
1	11		1	11		1	1	13		11	12	1		1	12	12	12		1	
1	12	1	11	12	12			1		1	13	1			1	1		13	1	
1	11		1	11		1		1	11		1	11	1	12		13	1		1	
1		1	13	1	1			11	1	1					1		1		1	
1	13					1	11		11		1	13	1		1		1		1	
1	12		1	1	1		1	1	1	1			1		1		1		1	
1	11	1	11				12	12			1	1		11	1		1		1	
1			11	1	1	1				1		12	1			1			1	
1		1			12		1	1	1				1						1	
1			1	12	1	1	12			1	1	12		1	1	1	1		1	
1			12	1		11		1	1	12		1							1	
1		11	1		1	11	1	11			1		1	1	1	1	1		1	
1			1		1		1	12		13	1		11				13		1	
1				13		11				11	13								1	
1	1	1	1	1	1	1	1	1	1	1	1	1	1	1	1	1	1	1	1	

***************************************************************
valasz irasa
valasz serialize
valasz kuldese
valasz elkuldve
readed size:827
msg string length:827
uj uzenet olvasva
 
44
state olvasasa
mapWidth:20 mapHeight:20
hp:36 id:1
map olvasasa
jatekos pozicio: x:1 y:1
***************************************************************
1	1	1	1	1	1	1	1	1	1	1	1	1	1	1	1	1	1	1	1	
1	1001	13			11					13		12							1	
1		1		1	11	1	1	13	1		1			1	1	1	1		1	
1		1		1	11	13		1	12		1		1					13	1	
1		1			1		13	1			1		1	11	1	1	1		1	
1	11		1	11		1	1	13		11	12	1		1	12	12	12		1	
1	12	1	11	12	12			1		1	13	1			1	1		13	1	
1	11		1	11		1		1	11		1	11	1	12		13	1		1	
1		1	13	1	1			11	1	1					1		1		1	
1	13					1	11		11		1	13	1		1		1		1	
1	12		1	1	1		1	1	1	1			1		1		1		1	
1	11	1	11				12	12			1	1		11	1		1		1	
1			11	1	1	1				1		12	1			1			1	
1		1			12		1	1	1				1						1	
1			1	12	1	1	12			1	1	12		1	1	1	1		1	
1			12	1		11		1	1	12		1							1	
1		11	1		1	11	1	11			1		1	1	1	1	1		1	
1			1		1		1	12		13	1		11				13		1	
1				13		11				11	13								1	
1	1	1	1	1	1	1	1	1	1	1	1	1	1	1	1	1	1	1	1	

***************************************************************
valasz irasa
valasz serialize
valasz kuldese
valasz elkuldve
readed size:827
msg string length:827
uj uzenet olvasva
 
45
state olvasasa
mapWidth:20 mapHeight:20
hp:35 id:1
map olvasasa
jatekos pozicio: x:1 y:1
***************************************************************
1	1	1	1	1	1	1	1	1	1	1	1	1	1	1	1	1	1	1	1	
1	1001	13			11					13		12							1	
1		1		1	11	1	1	13	1		1			1	1	1	1		1	
1		1		1	11	13		1	12		1		1					13	1	
1		1			1		13	1			1		1	11	1	1	1		1	
1	11		1	11		1	1	13		11	12	1		1	12	12	12		1	
1	12	1	11	12	12			1		1	13	1			1	1		13	1	
1	11		1	11		1		1	11		1	11	1	12		13	1		1	
1		1	13	1	1			11	1	1					1		1		1	
1	13					1	11		11		1	13	1		1		1		1	
1	12		1	1	1		1	1	1	1			1		1		1		1	
1	11	1	11				12	12			1	1		11	1		1		1	
1			11	1	1	1				1		12	1			1			1	
1		1			12		1	1	1				1						1	
1			1	12	1	1	12			1	1	12		1	1	1	1		1	
1			12	1		11		1	1	12		1							1	
1		11	1		1	11	1	11			1		1	1	1	1	1		1	
1			1		1		1	12		13	1		11				13		1	
1				13		11				11	13								1	
1	1	1	1	1	1	1	1	1	1	1	1	1	1	1	1	1	1	1	1	

***************************************************************
valasz irasa
valasz serialize
valasz kuldese
valasz elkuldve
readed size:827
msg string length:827
uj uzenet olvasva
 
46
state olvasasa
mapWidth:20 mapHeight:20
hp:34 id:1
map olvasasa
jatekos pozicio: x:1 y:1
***************************************************************
1	1	1	1	1	1	1	1	1	1	1	1	1	1	1	1	1	1	1	1	
1	1001	13			11					13		12							1	
1		1		1	11	1	1	13	1		1			1	1	1	1		1	
1		1		1	11	13		1	12		1		1					13	1	
1		1			1		13	1			1		1	11	1	1	1		1	
1	11		1	11		1	1	13		11	12	1		1	12	12	12		1	
1	12	1	11	12	12			1		1	13	1			1	1		13	1	
1	11		1	11		1		1	11		1	11	1	12		13	1		1	
1		1	13	1	1			11	1	1					1		1		1	
1	13					1	11		11		1	13	1		1		1		1	
1	12		1	1	1		1	1	1	1			1		1		1		1	
1	11	1	11				12	12			1	1		11	1		1		1	
1			11	1	1	1				1		12	1			1			1	
1		1			12		1	1	1				1						1	
1			1	12	1	1	12			1	1	12		1	1	1	1		1	
1			12	1		11		1	1	12		1							1	
1		11	1		1	11	1	11			1		1	1	1	1	1		1	
1			1		1		1	12		13	1		11				13		1	
1				13		11				11	13								1	
1	1	1	1	1	1	1	1	1	1	1	1	1	1	1	1	1	1	1	1	

***************************************************************
valasz irasa
valasz serialize
valasz kuldese
valasz elkuldve
readed size:827
msg string length:827
uj uzenet olvasva
 
47
state olvasasa
mapWidth:20 mapHeight:20
hp:33 id:1
map olvasasa
jatekos pozicio: x:1 y:1
***************************************************************
1	1	1	1	1	1	1	1	1	1	1	1	1	1	1	1	1	1	1	1	
1	1001	13			11					13		12							1	
1		1		1	11	1	1	13	1		1			1	1	1	1		1	
1		1		1	11	13		1	12		1		1					13	1	
1		1			1		13	1			1		1	11	1	1	1		1	
1	11		1	11		1	1	13		11	12	1		1	12	12	12		1	
1	12	1	11	12	12			1		1	13	1			1	1		13	1	
1	11		1	11		1		1	11		1	11	1	12		13	1		1	
1		1	13	1	1			11	1	1					1		1		1	
1	13					1	11		11		1	13	1		1		1		1	
1	12		1	1	1		1	1	1	1			1		1		1		1	
1	11	1	11				12	12			1	1		11	1		1		1	
1			11	1	1	1				1		12	1			1			1	
1		1			12		1	1	1				1						1	
1			1	12	1	1	12			1	1	12		1	1	1	1		1	
1			12	1		11		1	1	12		1							1	
1		11	1		1	11	1	11			1		1	1	1	1	1		1	
1			1		1		1	12		13	1		11				13		1	
1				13		11				11	13								1	
1	1	1	1	1	1	1	1	1	1	1	1	1	1	1	1	1	1	1	1	

***************************************************************
valasz irasa
valasz serialize
valasz kuldese
valasz elkuldve
readed size:827
msg string length:827
uj uzenet olvasva
 
48
state olvasasa
mapWidth:20 mapHeight:20
hp:32 id:1
map olvasasa
jatekos pozicio: x:1 y:1
***************************************************************
1	1	1	1	1	1	1	1	1	1	1	1	1	1	1	1	1	1	1	1	
1	1001	13			11					13		12							1	
1		1		1	11	1	1	13	1		1			1	1	1	1		1	
1		1		1	11	13		1	12		1		1					13	1	
1		1			1		13	1			1		1	11	1	1	1		1	
1	11		1	11		1	1	13		11	12	1		1	12	12	12		1	
1	12	1	11	12	12			1		1	13	1			1	1		13	1	
1	11		1	11		1		1	11		1	11	1	12		13	1		1	
1		1	13	1	1			11	1	1					1		1		1	
1	13					1	11		11		1	13	1		1		1		1	
1	12		1	1	1		1	1	1	1			1		1		1		1	
1	11	1	11				12	12			1	1		11	1		1		1	
1			11	1	1	1				1		12	1			1			1	
1		1			12		1	1	1				1						1	
1			1	12	1	1	12			1	1	12		1	1	1	1		1	
1			12	1		11		1	1	12		1							1	
1		11	1		1	11	1	11			1		1	1	1	1	1		1	
1			1		1		1	12		13	1		11				13		1	
1				13		11				11	13								1	
1	1	1	1	1	1	1	1	1	1	1	1	1	1	1	1	1	1	1	1	

***************************************************************
valasz irasa
valasz serialize
valasz kuldese
valasz elkuldve
readed size:827
msg string length:827
uj uzenet olvasva
 
49
state olvasasa
mapWidth:20 mapHeight:20
hp:31 id:1
map olvasasa
jatekos pozicio: x:1 y:1
***************************************************************
1	1	1	1	1	1	1	1	1	1	1	1	1	1	1	1	1	1	1	1	
1	1001	13			11					13		12							1	
1		1		1	11	1	1	13	1		1			1	1	1	1		1	
1		1		1	11	13		1	12		1		1					13	1	
1		1			1		13	1			1		1	11	1	1	1		1	
1	11		1	11		1	1	13		11	12	1		1	12	12	12		1	
1	12	1	11	12	12			1		1	13	1			1	1		13	1	
1	11		1	11		1		1	11		1	11	1	12		13	1		1	
1		1	13	1	1			11	1	1					1		1		1	
1	13					1	11		11		1	13	1		1		1		1	
1	12		1	1	1		1	1	1	1			1		1		1		1	
1	11	1	11				12	12			1	1		11	1		1		1	
1			11	1	1	1				1		12	1			1			1	
1		1			12		1	1	1				1						1	
1			1	12	1	1	12			1	1	12		1	1	1	1		1	
1			12	1		11		1	1	12		1							1	
1		11	1		1	11	1	11			1		1	1	1	1	1		1	
1			1		1		1	12		13	1		11				13		1	
1				13		11				11	13								1	
1	1	1	1	1	1	1	1	1	1	1	1	1	1	1	1	1	1	1	1	

***************************************************************
valasz irasa
valasz serialize
valasz kuldese
valasz elkuldve
readed size:827
msg string length:827
uj uzenet olvasva
 
50
state olvasasa
mapWidth:20 mapHeight:20
hp:30 id:1
map olvasasa
jatekos pozicio: x:1 y:1
***************************************************************
1	1	1	1	1	1	1	1	1	1	1	1	1	1	1	1	1	1	1	1	
1	1001	13			11					13		12							1	
1		1		1	11	1	1	13	1		1			1	1	1	1		1	
1		1		1	11	13		1	12		1		1					13	1	
1		1			1		13	1			1		1	11	1	1	1		1	
1	11		1	11		1	1	13		11	12	1		1	12	12	12		1	
1	12	1	11	12	12			1		1	13	1			1	1		13	1	
1	11		1	11		1		1	11		1	11	1	12		13	1		1	
1		1	13	1	1			11	1	1					1		1		1	
1	13					1	11		11		1	13	1		1		1		1	
1	12		1	1	1		1	1	1	1			1		1		1		1	
1	11	1	11				12	12			1	1		11	1		1		1	
1			11	1	1	1				1		12	1			1			1	
1		1			12		1	1	1				1						1	
1			1	12	1	1	12			1	1	12		1	1	1	1		1	
1			12	1		11		1	1	12		1							1	
1		11	1		1	11	1	11			1		1	1	1	1	1		1	
1			1		1		1	12		13	1		11				13		1	
1				13		11				11	13								1	
1	1	1	1	1	1	1	1	1	1	1	1	1	1	1	1	1	1	1	1	

***************************************************************
valasz irasa
valasz serialize
valasz kuldese
valasz elkuldve
readed size:827
msg string length:827
uj uzenet olvasva
 
51
state olvasasa
mapWidth:20 mapHeight:20
hp:29 id:1
map olvasasa
jatekos pozicio: x:1 y:1
***************************************************************
1	1	1	1	1	1	1	1	1	1	1	1	1	1	1	1	1	1	1	1	
1	1001	13			11					13		12							1	
1		1		1	11	1	1	13	1		1			1	1	1	1		1	
1		1		1	11	13		1	12		1		1					13	1	
1		1			1		13	1			1		1	11	1	1	1		1	
1	11		1	11		1	1	13		11	12	1		1	12	12	12		1	
1	12	1	11	12	12			1		1	13	1			1	1		13	1	
1	11		1	11		1		1	11		1	11	1	12		13	1		1	
1		1	13	1	1			11	1	1					1		1		1	
1	13					1	11		11		1	13	1		1		1		1	
1	12		1	1	1		1	1	1	1			1		1		1		1	
1	11	1	11				12	12			1	1		11	1		1		1	
1			11	1	1	1				1		12	1			1			1	
1		1			12		1	1	1				1						1	
1			1	12	1	1	12			1	1	12		1	1	1	1		1	
1			12	1		11		1	1	12		1							1	
1		11	1		1	11	1	11			1		1	1	1	1	1		1	
1			1		1		1	12		13	1		11				13		1	
1				13		11				11	13								1	
1	1	1	1	1	1	1	1	1	1	1	1	1	1	1	1	1	1	1	1	

***************************************************************
valasz irasa
valasz serialize
valasz kuldese
valasz elkuldve
readed size:827
msg string length:827
uj uzenet olvasva
 
52
state olvasasa
mapWidth:20 mapHeight:20
hp:28 id:1
map olvasasa
jatekos pozicio: x:1 y:1
***************************************************************
1	1	1	1	1	1	1	1	1	1	1	1	1	1	1	1	1	1	1	1	
1	1001	13			11					13		12							1	
1		1		1	11	1	1	13	1		1			1	1	1	1		1	
1		1		1	11	13		1	12		1		1					13	1	
1		1			1		13	1			1		1	11	1	1	1		1	
1	11		1	11		1	1	13		11	12	1		1	12	12	12		1	
1	12	1	11	12	12			1		1	13	1			1	1		13	1	
1	11		1	11		1		1	11		1	11	1	12		13	1		1	
1		1	13	1	1			11	1	1					1		1		1	
1	13					1	11		11		1	13	1		1		1		1	
1	12		1	1	1		1	1	1	1			1		1		1		1	
1	11	1	11				12	12			1	1		11	1		1		1	
1			11	1	1	1				1		12	1			1			1	
1		1			12		1	1	1				1						1	
1			1	12	1	1	12			1	1	12		1	1	1	1		1	
1			12	1		11		1	1	12		1							1	
1		11	1		1	11	1	11			1		1	1	1	1	1		1	
1			1		1		1	12		13	1		11				13		1	
1				13		11				11	13								1	
1	1	1	1	1	1	1	1	1	1	1	1	1	1	1	1	1	1	1	1	

***************************************************************
valasz irasa
valasz serialize
valasz kuldese
valasz elkuldve
readed size:827
msg string length:827
uj uzenet olvasva
 
53
state olvasasa
mapWidth:20 mapHeight:20
hp:27 id:1
map olvasasa
jatekos pozicio: x:1 y:1
***************************************************************
1	1	1	1	1	1	1	1	1	1	1	1	1	1	1	1	1	1	1	1	
1	1001	13			11					13		12							1	
1		1		1	11	1	1	13	1		1			1	1	1	1		1	
1		1		1	11	13		1	12		1		1					13	1	
1		1			1		13	1			1		1	11	1	1	1		1	
1	11		1	11		1	1	13		11	12	1		1	12	12	12		1	
1	12	1	11	12	12			1		1	13	1			1	1		13	1	
1	11		1	11		1		1	11		1	11	1	12		13	1		1	
1		1	13	1	1			11	1	1					1		1		1	
1	13					1	11		11		1	13	1		1		1		1	
1	12		1	1	1		1	1	1	1			1		1		1		1	
1	11	1	11				12	12			1	1		11	1		1		1	
1			11	1	1	1				1		12	1			1			1	
1		1			12		1	1	1				1						1	
1			1	12	1	1	12			1	1	12		1	1	1	1		1	
1			12	1		11		1	1	12		1							1	
1		11	1		1	11	1	11			1		1	1	1	1	1		1	
1			1		1		1	12		13	1		11				13		1	
1				13		11				11	13								1	
1	1	1	1	1	1	1	1	1	1	1	1	1	1	1	1	1	1	1	1	

***************************************************************
valasz irasa
valasz serialize
valasz kuldese
valasz elkuldve
readed size:827
msg string length:827
uj uzenet olvasva
 
54
state olvasasa
mapWidth:20 mapHeight:20
hp:26 id:1
map olvasasa
jatekos pozicio: x:1 y:1
***************************************************************
1	1	1	1	1	1	1	1	1	1	1	1	1	1	1	1	1	1	1	1	
1	1001	13			11					13		12							1	
1		1		1	11	1	1	13	1		1			1	1	1	1		1	
1		1		1	11	13		1	12		1		1					13	1	
1		1			1		13	1			1		1	11	1	1	1		1	
1	11		1	11		1	1	13		11	12	1		1	12	12	12		1	
1	12	1	11	12	12			1		1	13	1			1	1		13	1	
1	11		1	11		1		1	11		1	11	1	12		13	1		1	
1		1	13	1	1			11	1	1					1		1		1	
1	13					1	11		11		1	13	1		1		1		1	
1	12		1	1	1		1	1	1	1			1		1		1		1	
1	11	1	11				12	12			1	1		11	1		1		1	
1			11	1	1	1				1		12	1			1			1	
1		1			12		1	1	1				1						1	
1			1	12	1	1	12			1	1	12		1	1	1	1		1	
1			12	1		11		1	1	12		1							1	
1		11	1		1	11	1	11			1		1	1	1	1	1		1	
1			1		1		1	12		13	1		11				13		1	
1				13		11				11	13								1	
1	1	1	1	1	1	1	1	1	1	1	1	1	1	1	1	1	1	1	1	

***************************************************************
valasz irasa
valasz serialize
valasz kuldese
valasz elkuldve
readed size:827
msg string length:827
uj uzenet olvasva
 
55
state olvasasa
mapWidth:20 mapHeight:20
hp:25 id:1
map olvasasa
jatekos pozicio: x:1 y:1
***************************************************************
1	1	1	1	1	1	1	1	1	1	1	1	1	1	1	1	1	1	1	1	
1	1001	13			11					13		12							1	
1		1		1	11	1	1	13	1		1			1	1	1	1		1	
1		1		1	11	13		1	12		1		1					13	1	
1		1			1		13	1			1		1	11	1	1	1		1	
1	11		1	11		1	1	13		11	12	1		1	12	12	12		1	
1	12	1	11	12	12			1		1	13	1			1	1		13	1	
1	11		1	11		1		1	11		1	11	1	12		13	1		1	
1		1	13	1	1			11	1	1					1		1		1	
1	13					1	11		11		1	13	1		1		1		1	
1	12		1	1	1		1	1	1	1			1		1		1		1	
1	11	1	11				12	12			1	1		11	1		1		1	
1			11	1	1	1				1		12	1			1			1	
1		1			12		1	1	1				1						1	
1			1	12	1	1	12			1	1	12		1	1	1	1		1	
1			12	1		11		1	1	12		1							1	
1		11	1		1	11	1	11			1		1	1	1	1	1		1	
1			1		1		1	12		13	1		11				13		1	
1				13		11				11	13								1	
1	1	1	1	1	1	1	1	1	1	1	1	1	1	1	1	1	1	1	1	

***************************************************************
valasz irasa
valasz serialize
valasz kuldese
valasz elkuldve
readed size:827
msg string length:827
uj uzenet olvasva
 
56
state olvasasa
mapWidth:20 mapHeight:20
hp:24 id:1
map olvasasa
jatekos pozicio: x:1 y:1
***************************************************************
1	1	1	1	1	1	1	1	1	1	1	1	1	1	1	1	1	1	1	1	
1	1001	13			11					13		12							1	
1		1		1	11	1	1	13	1		1			1	1	1	1		1	
1		1		1	11	13		1	12		1		1					13	1	
1		1			1		13	1			1		1	11	1	1	1		1	
1	11		1	11		1	1	13		11	12	1		1	12	12	12		1	
1	12	1	11	12	12			1		1	13	1			1	1		13	1	
1	11		1	11		1		1	11		1	11	1	12		13	1		1	
1		1	13	1	1			11	1	1					1		1		1	
1	13					1	11		11		1	13	1		1		1		1	
1	12		1	1	1		1	1	1	1			1		1		1		1	
1	11	1	11				12	12			1	1		11	1		1		1	
1			11	1	1	1				1		12	1			1			1	
1		1			12		1	1	1				1						1	
1			1	12	1	1	12			1	1	12		1	1	1	1		1	
1			12	1		11		1	1	12		1							1	
1		11	1		1	11	1	11			1		1	1	1	1	1		1	
1			1		1		1	12		13	1		11				13		1	
1				13		11				11	13								1	
1	1	1	1	1	1	1	1	1	1	1	1	1	1	1	1	1	1	1	1	

***************************************************************
valasz irasa
valasz serialize
valasz kuldese
valasz elkuldve
readed size:827
msg string length:827
uj uzenet olvasva
 
57
state olvasasa
mapWidth:20 mapHeight:20
hp:23 id:1
map olvasasa
jatekos pozicio: x:1 y:1
***************************************************************
1	1	1	1	1	1	1	1	1	1	1	1	1	1	1	1	1	1	1	1	
1	1001	13			11					13		12							1	
1		1		1	11	1	1	13	1		1			1	1	1	1		1	
1		1		1	11	13		1	12		1		1					13	1	
1		1			1		13	1			1		1	11	1	1	1		1	
1	11		1	11		1	1	13		11	12	1		1	12	12	12		1	
1	12	1	11	12	12			1		1	13	1			1	1		13	1	
1	11		1	11		1		1	11		1	11	1	12		13	1		1	
1		1	13	1	1			11	1	1					1		1		1	
1	13					1	11		11		1	13	1		1		1		1	
1	12		1	1	1		1	1	1	1			1		1		1		1	
1	11	1	11				12	12			1	1		11	1		1		1	
1			11	1	1	1				1		12	1			1			1	
1		1			12		1	1	1				1						1	
1			1	12	1	1	12			1	1	12		1	1	1	1		1	
1			12	1		11		1	1	12		1							1	
1		11	1		1	11	1	11			1		1	1	1	1	1		1	
1			1		1		1	12		13	1		11				13		1	
1				13		11				11	13								1	
1	1	1	1	1	1	1	1	1	1	1	1	1	1	1	1	1	1	1	1	

***************************************************************
valasz irasa
valasz serialize
valasz kuldese
valasz elkuldve
readed size:827
msg string length:827
uj uzenet olvasva
 
58
state olvasasa
mapWidth:20 mapHeight:20
hp:22 id:1
map olvasasa
jatekos pozicio: x:1 y:1
***************************************************************
1	1	1	1	1	1	1	1	1	1	1	1	1	1	1	1	1	1	1	1	
1	1001	13			11					13		12							1	
1		1		1	11	1	1	13	1		1			1	1	1	1		1	
1		1		1	11	13		1	12		1		1					13	1	
1		1			1		13	1			1		1	11	1	1	1		1	
1	11		1	11		1	1	13		11	12	1		1	12	12	12		1	
1	12	1	11	12	12			1		1	13	1			1	1		13	1	
1	11		1	11		1		1	11		1	11	1	12		13	1		1	
1		1	13	1	1			11	1	1					1		1		1	
1	13					1	11		11		1	13	1		1		1		1	
1	12		1	1	1		1	1	1	1			1		1		1		1	
1	11	1	11				12	12			1	1		11	1		1		1	
1			11	1	1	1				1		12	1			1			1	
1		1			12		1	1	1				1						1	
1			1	12	1	1	12			1	1	12		1	1	1	1		1	
1			12	1		11		1	1	12		1							1	
1		11	1		1	11	1	11			1		1	1	1	1	1		1	
1			1		1		1	12		13	1		11				13		1	
1				13		11				11	13								1	
1	1	1	1	1	1	1	1	1	1	1	1	1	1	1	1	1	1	1	1	

***************************************************************
valasz irasa
valasz serialize
valasz kuldese
valasz elkuldve
readed size:827
msg string length:827
uj uzenet olvasva
 
59
state olvasasa
mapWidth:20 mapHeight:20
hp:21 id:1
map olvasasa
jatekos pozicio: x:1 y:1
***************************************************************
1	1	1	1	1	1	1	1	1	1	1	1	1	1	1	1	1	1	1	1	
1	1001	13			11					13		12							1	
1		1		1	11	1	1	13	1		1			1	1	1	1		1	
1		1		1	11	13		1	12		1		1					13	1	
1		1			1		13	1			1		1	11	1	1	1		1	
1	11		1	11		1	1	13		11	12	1		1	12	12	12		1	
1	12	1	11	12	12			1		1	13	1			1	1		13	1	
1	11		1	11		1		1	11		1	11	1	12		13	1		1	
1		1	13	1	1			11	1	1					1		1		1	
1	13					1	11		11		1	13	1		1		1		1	
1	12		1	1	1		1	1	1	1			1		1		1		1	
1	11	1	11				12	12			1	1		11	1		1		1	
1			11	1	1	1				1		12	1			1			1	
1		1			12		1	1	1				1						1	
1			1	12	1	1	12			1	1	12		1	1	1	1		1	
1			12	1		11		1	1	12		1							1	
1		11	1		1	11	1	11			1		1	1	1	1	1		1	
1			1		1		1	12		13	1		11				13		1	
1				13		11				11	13								1	
1	1	1	1	1	1	1	1	1	1	1	1	1	1	1	1	1	1	1	1	

***************************************************************
valasz irasa
valasz serialize
valasz kuldese
valasz elkuldve
readed size:827
msg string length:827
uj uzenet olvasva
 
60
state olvasasa
mapWidth:20 mapHeight:20
hp:20 id:1
map olvasasa
jatekos pozicio: x:1 y:1
***************************************************************
1	1	1	1	1	1	1	1	1	1	1	1	1	1	1	1	1	1	1	1	
1	1001	13			11					13		12							1	
1		1		1	11	1	1	13	1		1			1	1	1	1		1	
1		1		1	11	13		1	12		1		1					13	1	
1		1			1		13	1			1		1	11	1	1	1		1	
1	11		1	11		1	1	13		11	12	1		1	12	12	12		1	
1	12	1	11	12	12			1		1	13	1			1	1		13	1	
1	11		1	11		1		1	11		1	11	1	12		13	1		1	
1		1	13	1	1			11	1	1					1		1		1	
1	13					1	11		11		1	13	1		1		1		1	
1	12		1	1	1		1	1	1	1			1		1		1		1	
1	11	1	11				12	12			1	1		11	1		1		1	
1			11	1	1	1				1		12	1			1			1	
1		1			12		1	1	1				1						1	
1			1	12	1	1	12			1	1	12		1	1	1	1		1	
1			12	1		11		1	1	12		1							1	
1		11	1		1	11	1	11			1		1	1	1	1	1		1	
1			1		1		1	12		13	1		11				13		1	
1				13		11				11	13								1	
1	1	1	1	1	1	1	1	1	1	1	1	1	1	1	1	1	1	1	1	

***************************************************************
valasz irasa
valasz serialize
valasz kuldese
valasz elkuldve
readed size:827
msg string length:827
uj uzenet olvasva
 
61
state olvasasa
mapWidth:20 mapHeight:20
hp:19 id:1
map olvasasa
jatekos pozicio: x:1 y:1
***************************************************************
1	1	1	1	1	1	1	1	1	1	1	1	1	1	1	1	1	1	1	1	
1	1001	13			11					13		12							1	
1		1		1	11	1	1	13	1		1			1	1	1	1		1	
1		1		1	11	13		1	12		1		1					13	1	
1		1			1		13	1			1		1	11	1	1	1		1	
1	11		1	11		1	1	13		11	12	1		1	12	12	12		1	
1	12	1	11	12	12			1		1	13	1			1	1		13	1	
1	11		1	11		1		1	11		1	11	1	12		13	1		1	
1		1	13	1	1			11	1	1					1		1		1	
1	13					1	11		11		1	13	1		1		1		1	
1	12		1	1	1		1	1	1	1			1		1		1		1	
1	11	1	11				12	12			1	1		11	1		1		1	
1			11	1	1	1				1		12	1			1			1	
1		1			12		1	1	1				1						1	
1			1	12	1	1	12			1	1	12		1	1	1	1		1	
1			12	1		11		1	1	12		1							1	
1		11	1		1	11	1	11			1		1	1	1	1	1		1	
1			1		1		1	12		13	1		11				13		1	
1				13		11				11	13								1	
1	1	1	1	1	1	1	1	1	1	1	1	1	1	1	1	1	1	1	1	

***************************************************************
valasz irasa
valasz serialize
valasz kuldese
valasz elkuldve
readed size:827
msg string length:827
uj uzenet olvasva
 
62
state olvasasa
mapWidth:20 mapHeight:20
hp:18 id:1
map olvasasa
jatekos pozicio: x:1 y:1
***************************************************************
1	1	1	1	1	1	1	1	1	1	1	1	1	1	1	1	1	1	1	1	
1	1001	13			11					13		12							1	
1		1		1	11	1	1	13	1		1			1	1	1	1		1	
1		1		1	11	13		1	12		1		1					13	1	
1		1			1		13	1			1		1	11	1	1	1		1	
1	11		1	11		1	1	13		11	12	1		1	12	12	12		1	
1	12	1	11	12	12			1		1	13	1			1	1		13	1	
1	11		1	11		1		1	11		1	11	1	12		13	1		1	
1		1	13	1	1			11	1	1					1		1		1	
1	13					1	11		11		1	13	1		1		1		1	
1	12		1	1	1		1	1	1	1			1		1		1		1	
1	11	1	11				12	12			1	1		11	1		1		1	
1			11	1	1	1				1		12	1			1			1	
1		1			12		1	1	1				1						1	
1			1	12	1	1	12			1	1	12		1	1	1	1		1	
1			12	1		11		1	1	12		1							1	
1		11	1		1	11	1	11			1		1	1	1	1	1		1	
1			1		1		1	12		13	1		11				13		1	
1				13		11				11	13								1	
1	1	1	1	1	1	1	1	1	1	1	1	1	1	1	1	1	1	1	1	

***************************************************************
valasz irasa
valasz serialize
valasz kuldese
valasz elkuldve
readed size:827
msg string length:827
uj uzenet olvasva
 
63
state olvasasa
mapWidth:20 mapHeight:20
hp:17 id:1
map olvasasa
jatekos pozicio: x:1 y:1
***************************************************************
1	1	1	1	1	1	1	1	1	1	1	1	1	1	1	1	1	1	1	1	
1	1001	13			11					13		12							1	
1		1		1	11	1	1	13	1		1			1	1	1	1		1	
1		1		1	11	13		1	12		1		1					13	1	
1		1			1		13	1			1		1	11	1	1	1		1	
1	11		1	11		1	1	13		11	12	1		1	12	12	12		1	
1	12	1	11	12	12			1		1	13	1			1	1		13	1	
1	11		1	11		1		1	11		1	11	1	12		13	1		1	
1		1	13	1	1			11	1	1					1		1		1	
1	13					1	11		11		1	13	1		1		1		1	
1	12		1	1	1		1	1	1	1			1		1		1		1	
1	11	1	11				12	12			1	1		11	1		1		1	
1			11	1	1	1				1		12	1			1			1	
1		1			12		1	1	1				1						1	
1			1	12	1	1	12			1	1	12		1	1	1	1		1	
1			12	1		11		1	1	12		1							1	
1		11	1		1	11	1	11			1		1	1	1	1	1		1	
1			1		1		1	12		13	1		11				13		1	
1				13		11				11	13								1	
1	1	1	1	1	1	1	1	1	1	1	1	1	1	1	1	1	1	1	1	

***************************************************************
valasz irasa
valasz serialize
valasz kuldese
valasz elkuldve
readed size:827
msg string length:827
uj uzenet olvasva
 
64
state olvasasa
mapWidth:20 mapHeight:20
hp:16 id:1
map olvasasa
jatekos pozicio: x:1 y:1
***************************************************************
1	1	1	1	1	1	1	1	1	1	1	1	1	1	1	1	1	1	1	1	
1	1001	13			11					13		12							1	
1		1		1	11	1	1	13	1		1			1	1	1	1		1	
1		1		1	11	13		1	12		1		1					13	1	
1		1			1		13	1			1		1	11	1	1	1		1	
1	11		1	11		1	1	13		11	12	1		1	12	12	12		1	
1	12	1	11	12	12			1		1	13	1			1	1		13	1	
1	11		1	11		1		1	11		1	11	1	12		13	1		1	
1		1	13	1	1			11	1	1					1		1		1	
1	13					1	11		11		1	13	1		1		1		1	
1	12		1	1	1		1	1	1	1			1		1		1		1	
1	11	1	11				12	12			1	1		11	1		1		1	
1			11	1	1	1				1		12	1			1			1	
1		1			12		1	1	1				1						1	
1			1	12	1	1	12			1	1	12		1	1	1	1		1	
1			12	1		11		1	1	12		1							1	
1		11	1		1	11	1	11			1		1	1	1	1	1		1	
1			1		1		1	12		13	1		11				13		1	
1				13		11				11	13								1	
1	1	1	1	1	1	1	1	1	1	1	1	1	1	1	1	1	1	1	1	

***************************************************************
valasz irasa
valasz serialize
valasz kuldese
valasz elkuldve
readed size:827
msg string length:827
uj uzenet olvasva
 
65
state olvasasa
mapWidth:20 mapHeight:20
hp:15 id:1
map olvasasa
jatekos pozicio: x:1 y:1
***************************************************************
1	1	1	1	1	1	1	1	1	1	1	1	1	1	1	1	1	1	1	1	
1	1001	13			11					13		12							1	
1		1		1	11	1	1	13	1		1			1	1	1	1		1	
1		1		1	11	13		1	12		1		1					13	1	
1		1			1		13	1			1		1	11	1	1	1		1	
1	11		1	11		1	1	13		11	12	1		1	12	12	12		1	
1	12	1	11	12	12			1		1	13	1			1	1		13	1	
1	11		1	11		1		1	11		1	11	1	12		13	1		1	
1		1	13	1	1			11	1	1					1		1		1	
1	13					1	11		11		1	13	1		1		1		1	
1	12		1	1	1		1	1	1	1			1		1		1		1	
1	11	1	11				12	12			1	1		11	1		1		1	
1			11	1	1	1				1		12	1			1			1	
1		1			12		1	1	1				1						1	
1			1	12	1	1	12			1	1	12		1	1	1	1		1	
1			12	1		11		1	1	12		1							1	
1		11	1		1	11	1	11			1		1	1	1	1	1		1	
1			1		1		1	12		13	1		11				13		1	
1				13		11				11	13								1	
1	1	1	1	1	1	1	1	1	1	1	1	1	1	1	1	1	1	1	1	

***************************************************************
valasz irasa
valasz serialize
valasz kuldese
valasz elkuldve
readed size:827
msg string length:827
uj uzenet olvasva
 
66
state olvasasa
mapWidth:20 mapHeight:20
hp:14 id:1
map olvasasa
jatekos pozicio: x:1 y:1
***************************************************************
1	1	1	1	1	1	1	1	1	1	1	1	1	1	1	1	1	1	1	1	
1	1001	13			11					13		12							1	
1		1		1	11	1	1	13	1		1			1	1	1	1		1	
1		1		1	11	13		1	12		1		1					13	1	
1		1			1		13	1			1		1	11	1	1	1		1	
1	11		1	11		1	1	13		11	12	1		1	12	12	12		1	
1	12	1	11	12	12			1		1	13	1			1	1		13	1	
1	11		1	11		1		1	11		1	11	1	12		13	1		1	
1		1	13	1	1			11	1	1					1		1		1	
1	13					1	11		11		1	13	1		1		1		1	
1	12		1	1	1		1	1	1	1			1		1		1		1	
1	11	1	11				12	12			1	1		11	1		1		1	
1			11	1	1	1				1		12	1			1			1	
1		1			12		1	1	1				1						1	
1			1	12	1	1	12			1	1	12		1	1	1	1		1	
1			12	1		11		1	1	12		1							1	
1		11	1		1	11	1	11			1		1	1	1	1	1		1	
1			1		1		1	12		13	1		11				13		1	
1				13		11				11	13								1	
1	1	1	1	1	1	1	1	1	1	1	1	1	1	1	1	1	1	1	1	

***************************************************************
valasz irasa
valasz serialize
valasz kuldese
valasz elkuldve
readed size:827
msg string length:827
uj uzenet olvasva
 
67
state olvasasa
mapWidth:20 mapHeight:20
hp:13 id:1
map olvasasa
jatekos pozicio: x:1 y:1
***************************************************************
1	1	1	1	1	1	1	1	1	1	1	1	1	1	1	1	1	1	1	1	
1	1001	13			11					13		12							1	
1		1		1	11	1	1	13	1		1			1	1	1	1		1	
1		1		1	11	13		1	12		1		1					13	1	
1		1			1		13	1			1		1	11	1	1	1		1	
1	11		1	11		1	1	13		11	12	1		1	12	12	12		1	
1	12	1	11	12	12			1		1	13	1			1	1		13	1	
1	11		1	11		1		1	11		1	11	1	12		13	1		1	
1		1	13	1	1			11	1	1					1		1		1	
1	13					1	11		11		1	13	1		1		1		1	
1	12		1	1	1		1	1	1	1			1		1		1		1	
1	11	1	11				12	12			1	1		11	1		1		1	
1			11	1	1	1				1		12	1			1			1	
1		1			12		1	1	1				1						1	
1			1	12	1	1	12			1	1	12		1	1	1	1		1	
1			12	1		11		1	1	12		1							1	
1		11	1		1	11	1	11			1		1	1	1	1	1		1	
1			1		1		1	12		13	1		11				13		1	
1				13		11				11	13								1	
1	1	1	1	1	1	1	1	1	1	1	1	1	1	1	1	1	1	1	1	

***************************************************************
valasz irasa
valasz serialize
valasz kuldese
valasz elkuldve
readed size:827
msg string length:827
uj uzenet olvasva
 
68
state olvasasa
mapWidth:20 mapHeight:20
hp:12 id:1
map olvasasa
jatekos pozicio: x:1 y:1
***************************************************************
1	1	1	1	1	1	1	1	1	1	1	1	1	1	1	1	1	1	1	1	
1	1001	13			11					13		12							1	
1		1		1	11	1	1	13	1		1			1	1	1	1		1	
1		1		1	11	13		1	12		1		1					13	1	
1		1			1		13	1			1		1	11	1	1	1		1	
1	11		1	11		1	1	13		11	12	1		1	12	12	12		1	
1	12	1	11	12	12			1		1	13	1			1	1		13	1	
1	11		1	11		1		1	11		1	11	1	12		13	1		1	
1		1	13	1	1			11	1	1					1		1		1	
1	13					1	11		11		1	13	1		1		1		1	
1	12		1	1	1		1	1	1	1			1		1		1		1	
1	11	1	11				12	12			1	1		11	1		1		1	
1			11	1	1	1				1		12	1			1			1	
1		1			12		1	1	1				1						1	
1			1	12	1	1	12			1	1	12		1	1	1	1		1	
1			12	1		11		1	1	12		1							1	
1		11	1		1	11	1	11			1		1	1	1	1	1		1	
1			1		1		1	12		13	1		11				13		1	
1				13		11				11	13								1	
1	1	1	1	1	1	1	1	1	1	1	1	1	1	1	1	1	1	1	1	

***************************************************************
valasz irasa
valasz serialize
valasz kuldese
valasz elkuldve
readed size:827
msg string length:827
uj uzenet olvasva
 
69
state olvasasa
mapWidth:20 mapHeight:20
hp:11 id:1
map olvasasa
jatekos pozicio: x:1 y:1
***************************************************************
1	1	1	1	1	1	1	1	1	1	1	1	1	1	1	1	1	1	1	1	
1	1001	13			11					13		12							1	
1		1		1	11	1	1	13	1		1			1	1	1	1		1	
1		1		1	11	13		1	12		1		1					13	1	
1		1			1		13	1			1		1	11	1	1	1		1	
1	11		1	11		1	1	13		11	12	1		1	12	12	12		1	
1	12	1	11	12	12			1		1	13	1			1	1		13	1	
1	11		1	11		1		1	11		1	11	1	12		13	1		1	
1		1	13	1	1			11	1	1					1		1		1	
1	13					1	11		11		1	13	1		1		1		1	
1	12		1	1	1		1	1	1	1			1		1		1		1	
1	11	1	11				12	12			1	1		11	1		1		1	
1			11	1	1	1				1		12	1			1			1	
1		1			12		1	1	1				1						1	
1			1	12	1	1	12			1	1	12		1	1	1	1		1	
1			12	1		11		1	1	12		1							1	
1		11	1		1	11	1	11			1		1	1	1	1	1		1	
1			1		1		1	12		13	1		11				13		1	
1				13		11				11	13								1	
1	1	1	1	1	1	1	1	1	1	1	1	1	1	1	1	1	1	1	1	

***************************************************************
valasz irasa
valasz serialize
valasz kuldese
valasz elkuldve
readed size:827
msg string length:827
uj uzenet olvasva
 
70
state olvasasa
mapWidth:20 mapHeight:20
hp:10 id:1
map olvasasa
jatekos pozicio: x:1 y:1
***************************************************************
1	1	1	1	1	1	1	1	1	1	1	1	1	1	1	1	1	1	1	1	
1	1001	13			11					13		12							1	
1		1		1	11	1	1	13	1		1			1	1	1	1		1	
1		1		1	11	13		1	12		1		1					13	1	
1		1			1		13	1			1		1	11	1	1	1		1	
1	11		1	11		1	1	13		11	12	1		1	12	12	12		1	
1	12	1	11	12	12			1		1	13	1			1	1		13	1	
1	11		1	11		1		1	11		1	11	1	12		13	1		1	
1		1	13	1	1			11	1	1					1		1		1	
1	13					1	11		11		1	13	1		1		1		1	
1	12		1	1	1		1	1	1	1			1		1		1		1	
1	11	1	11				12	12			1	1		11	1		1		1	
1			11	1	1	1				1		12	1			1			1	
1		1			12		1	1	1				1						1	
1			1	12	1	1	12			1	1	12		1	1	1	1		1	
1			12	1		11		1	1	12		1							1	
1		11	1		1	11	1	11			1		1	1	1	1	1		1	
1			1		1		1	12		13	1		11				13		1	
1				13		11				11	13								1	
1	1	1	1	1	1	1	1	1	1	1	1	1	1	1	1	1	1	1	1	

***************************************************************
valasz irasa
valasz serialize
valasz kuldese
valasz elkuldve
readed size:827
msg string length:827
uj uzenet olvasva
 
71
state olvasasa
mapWidth:20 mapHeight:20
hp:9 id:1
map olvasasa
jatekos pozicio: x:1 y:1
***************************************************************
1	1	1	1	1	1	1	1	1	1	1	1	1	1	1	1	1	1	1	1	
1	1001	13			11					13		12							1	
1		1		1	11	1	1	13	1		1			1	1	1	1		1	
1		1		1	11	13		1	12		1		1					13	1	
1		1			1		13	1			1		1	11	1	1	1		1	
1	11		1	11		1	1	13		11	12	1		1	12	12	12		1	
1	12	1	11	12	12			1		1	13	1			1	1		13	1	
1	11		1	11		1		1	11		1	11	1	12		13	1		1	
1		1	13	1	1			11	1	1					1		1		1	
1	13					1	11		11		1	13	1		1		1		1	
1	12		1	1	1		1	1	1	1			1		1		1		1	
1	11	1	11				12	12			1	1		11	1		1		1	
1			11	1	1	1				1		12	1			1			1	
1		1			12		1	1	1				1						1	
1			1	12	1	1	12			1	1	12		1	1	1	1		1	
1			12	1		11		1	1	12		1							1	
1		11	1		1	11	1	11			1		1	1	1	1	1		1	
1			1		1		1	12		13	1		11				13		1	
1				13		11				11	13								1	
1	1	1	1	1	1	1	1	1	1	1	1	1	1	1	1	1	1	1	1	

***************************************************************
valasz irasa
valasz serialize
valasz kuldese
valasz elkuldve
readed size:827
msg string length:827
uj uzenet olvasva
 
72
state olvasasa
mapWidth:20 mapHeight:20
hp:8 id:1
map olvasasa
jatekos pozicio: x:1 y:1
***************************************************************
1	1	1	1	1	1	1	1	1	1	1	1	1	1	1	1	1	1	1	1	
1	1001	13			11					13		12							1	
1		1		1	11	1	1	13	1		1			1	1	1	1		1	
1		1		1	11	13		1	12		1		1					13	1	
1		1			1		13	1			1		1	11	1	1	1		1	
1	11		1	11		1	1	13		11	12	1		1	12	12	12		1	
1	12	1	11	12	12			1		1	13	1			1	1		13	1	
1	11		1	11		1		1	11		1	11	1	12		13	1		1	
1		1	13	1	1			11	1	1					1		1		1	
1	13					1	11		11		1	13	1		1		1		1	
1	12		1	1	1		1	1	1	1			1		1		1		1	
1	11	1	11				12	12			1	1		11	1		1		1	
1			11	1	1	1				1		12	1			1			1	
1		1			12		1	1	1				1						1	
1			1	12	1	1	12			1	1	12		1	1	1	1		1	
1			12	1		11		1	1	12		1							1	
1		11	1		1	11	1	11			1		1	1	1	1	1		1	
1			1		1		1	12		13	1		11				13		1	
1				13		11				11	13								1	
1	1	1	1	1	1	1	1	1	1	1	1	1	1	1	1	1	1	1	1	

***************************************************************
valasz irasa
valasz serialize
valasz kuldese
valasz elkuldve
readed size:827
msg string length:827
uj uzenet olvasva
 
73
state olvasasa
mapWidth:20 mapHeight:20
hp:7 id:1
map olvasasa
jatekos pozicio: x:1 y:1
***************************************************************
1	1	1	1	1	1	1	1	1	1	1	1	1	1	1	1	1	1	1	1	
1	1001	13			11					13		12							1	
1		1		1	11	1	1	13	1		1			1	1	1	1		1	
1		1		1	11	13		1	12		1		1					13	1	
1		1			1		13	1			1		1	11	1	1	1		1	
1	11		1	11		1	1	13		11	12	1		1	12	12	12		1	
1	12	1	11	12	12			1		1	13	1			1	1		13	1	
1	11		1	11		1		1	11		1	11	1	12		13	1		1	
1		1	13	1	1			11	1	1					1		1		1	
1	13					1	11		11		1	13	1		1		1		1	
1	12		1	1	1		1	1	1	1			1		1		1		1	
1	11	1	11				12	12			1	1		11	1		1		1	
1			11	1	1	1				1		12	1			1			1	
1		1			12		1	1	1				1						1	
1			1	12	1	1	12			1	1	12		1	1	1	1		1	
1			12	1		11		1	1	12		1							1	
1		11	1		1	11	1	11			1		1	1	1	1	1		1	
1			1		1		1	12		13	1		11				13		1	
1				13		11				11	13								1	
1	1	1	1	1	1	1	1	1	1	1	1	1	1	1	1	1	1	1	1	

***************************************************************
valasz irasa
valasz serialize
valasz kuldese
valasz elkuldve
readed size:827
msg string length:827
uj uzenet olvasva
 
74
state olvasasa
mapWidth:20 mapHeight:20
hp:6 id:1
map olvasasa
jatekos pozicio: x:1 y:1
***************************************************************
1	1	1	1	1	1	1	1	1	1	1	1	1	1	1	1	1	1	1	1	
1	1001	13			11					13		12							1	
1		1		1	11	1	1	13	1		1			1	1	1	1		1	
1		1		1	11	13		1	12		1		1					13	1	
1		1			1		13	1			1		1	11	1	1	1		1	
1	11		1	11		1	1	13		11	12	1		1	12	12	12		1	
1	12	1	11	12	12			1		1	13	1			1	1		13	1	
1	11		1	11		1		1	11		1	11	1	12		13	1		1	
1		1	13	1	1			11	1	1					1		1		1	
1	13					1	11		11		1	13	1		1		1		1	
1	12		1	1	1		1	1	1	1			1		1		1		1	
1	11	1	11				12	12			1	1		11	1		1		1	
1			11	1	1	1				1		12	1			1			1	
1		1			12		1	1	1				1						1	
1			1	12	1	1	12			1	1	12		1	1	1	1		1	
1			12	1		11		1	1	12		1							1	
1		11	1		1	11	1	11			1		1	1	1	1	1		1	
1			1		1		1	12		13	1		11				13		1	
1				13		11				11	13								1	
1	1	1	1	1	1	1	1	1	1	1	1	1	1	1	1	1	1	1	1	

***************************************************************
valasz irasa
valasz serialize
valasz kuldese
valasz elkuldve
readed size:827
msg string length:827
uj uzenet olvasva
 
75
state olvasasa
mapWidth:20 mapHeight:20
hp:5 id:1
map olvasasa
jatekos pozicio: x:1 y:1
***************************************************************
1	1	1	1	1	1	1	1	1	1	1	1	1	1	1	1	1	1	1	1	
1	1001	13			11					13		12							1	
1		1		1	11	1	1	13	1		1			1	1	1	1		1	
1		1		1	11	13		1	12		1		1					13	1	
1		1			1		13	1			1		1	11	1	1	1		1	
1	11		1	11		1	1	13		11	12	1		1	12	12	12		1	
1	12	1	11	12	12			1		1	13	1			1	1		13	1	
1	11		1	11		1		1	11		1	11	1	12		13	1		1	
1		1	13	1	1			11	1	1					1		1		1	
1	13					1	11		11		1	13	1		1		1		1	
1	12		1	1	1		1	1	1	1			1		1		1		1	
1	11	1	11				12	12			1	1		11	1		1		1	
1			11	1	1	1				1		12	1			1			1	
1		1			12		1	1	1				1						1	
1			1	12	1	1	12			1	1	12		1	1	1	1		1	
1			12	1		11		1	1	12		1							1	
1		11	1		1	11	1	11			1		1	1	1	1	1		1	
1			1		1		1	12		13	1		11				13		1	
1				13		11				11	13								1	
1	1	1	1	1	1	1	1	1	1	1	1	1	1	1	1	1	1	1	1	

***************************************************************
valasz irasa
valasz serialize
valasz kuldese
valasz elkuldve
readed size:827
msg string length:827
uj uzenet olvasva
 
76
state olvasasa
mapWidth:20 mapHeight:20
hp:4 id:1
map olvasasa
jatekos pozicio: x:1 y:1
***************************************************************
1	1	1	1	1	1	1	1	1	1	1	1	1	1	1	1	1	1	1	1	
1	1001	13			11					13		12							1	
1		1		1	11	1	1	13	1		1			1	1	1	1		1	
1		1		1	11	13		1	12		1		1					13	1	
1		1			1		13	1			1		1	11	1	1	1		1	
1	11		1	11		1	1	13		11	12	1		1	12	12	12		1	
1	12	1	11	12	12			1		1	13	1			1	1		13	1	
1	11		1	11		1		1	11		1	11	1	12		13	1		1	
1		1	13	1	1			11	1	1					1		1		1	
1	13					1	11		11		1	13	1		1		1		1	
1	12		1	1	1		1	1	1	1			1		1		1		1	
1	11	1	11				12	12			1	1		11	1		1		1	
1			11	1	1	1				1		12	1			1			1	
1		1			12		1	1	1				1						1	
1			1	12	1	1	12			1	1	12		1	1	1	1		1	
1			12	1		11		1	1	12		1							1	
1		11	1		1	11	1	11			1		1	1	1	1	1		1	
1			1		1		1	12		13	1		11				13		1	
1				13		11				11	13								1	
1	1	1	1	1	1	1	1	1	1	1	1	1	1	1	1	1	1	1	1	

***************************************************************
valasz irasa
valasz serialize
valasz kuldese
valasz elkuldve
readed size:827
msg string length:827
uj uzenet olvasva
 
77
state olvasasa
mapWidth:20 mapHeight:20
hp:3 id:1
map olvasasa
jatekos pozicio: x:1 y:1
***************************************************************
1	1	1	1	1	1	1	1	1	1	1	1	1	1	1	1	1	1	1	1	
1	1001	13			11					13		12							1	
1		1		1	11	1	1	13	1		1			1	1	1	1		1	
1		1		1	11	13		1	12		1		1					13	1	
1		1			1		13	1			1		1	11	1	1	1		1	
1	11		1	11		1	1	13		11	12	1		1	12	12	12		1	
1	12	1	11	12	12			1		1	13	1			1	1		13	1	
1	11		1	11		1		1	11		1	11	1	12		13	1		1	
1		1	13	1	1			11	1	1					1		1		1	
1	13					1	11		11		1	13	1		1		1		1	
1	12		1	1	1		1	1	1	1			1		1		1		1	
1	11	1	11				12	12			1	1		11	1		1		1	
1			11	1	1	1				1		12	1			1			1	
1		1			12		1	1	1				1						1	
1			1	12	1	1	12			1	1	12		1	1	1	1		1	
1			12	1		11		1	1	12		1							1	
1		11	1		1	11	1	11			1		1	1	1	1	1		1	
1			1		1		1	12		13	1		11				13		1	
1				13		11				11	13								1	
1	1	1	1	1	1	1	1	1	1	1	1	1	1	1	1	1	1	1	1	

***************************************************************
valasz irasa
valasz serialize
valasz kuldese
valasz elkuldve
readed size:827
msg string length:827
uj uzenet olvasva
 
78
state olvasasa
mapWidth:20 mapHeight:20
hp:2 id:1
map olvasasa
jatekos pozicio: x:1 y:1
***************************************************************
1	1	1	1	1	1	1	1	1	1	1	1	1	1	1	1	1	1	1	1	
1	1001	13			11					13		12							1	
1		1		1	11	1	1	13	1		1			1	1	1	1		1	
1		1		1	11	13		1	12		1		1					13	1	
1		1			1		13	1			1		1	11	1	1	1		1	
1	11		1	11		1	1	13		11	12	1		1	12	12	12		1	
1	12	1	11	12	12			1		1	13	1			1	1		13	1	
1	11		1	11		1		1	11		1	11	1	12		13	1		1	
1		1	13	1	1			11	1	1					1		1		1	
1	13					1	11		11		1	13	1		1		1		1	
1	12		1	1	1		1	1	1	1			1		1		1		1	
1	11	1	11				12	12			1	1		11	1		1		1	
1			11	1	1	1				1		12	1			1			1	
1		1			12		1	1	1				1						1	
1			1	12	1	1	12			1	1	12		1	1	1	1		1	
1			12	1		11		1	1	12		1							1	
1		11	1		1	11	1	11			1		1	1	1	1	1		1	
1			1		1		1	12		13	1		11				13		1	
1				13		11				11	13								1	
1	1	1	1	1	1	1	1	1	1	1	1	1	1	1	1	1	1	1	1	

***************************************************************
valasz irasa
valasz serialize
valasz kuldese
valasz elkuldve
readed size:827
msg string length:827
uj uzenet olvasva
 
79
state olvasasa
mapWidth:20 mapHeight:20
hp:1 id:1
map olvasasa
jatekos pozicio: x:1 y:1
***************************************************************
1	1	1	1	1	1	1	1	1	1	1	1	1	1	1	1	1	1	1	1	
1	1001	13			11					13		12							1	
1		1		1	11	1	1	13	1		1			1	1	1	1		1	
1		1		1	11	13		1	12		1		1					13	1	
1		1			1		13	1			1		1	11	1	1	1		1	
1	11		1	11		1	1	13		11	12	1		1	12	12	12		1	
1	12	1	11	12	12			1		1	13	1			1	1		13	1	
1	11		1	11		1		1	11		1	11	1	12		13	1		1	
1		1	13	1	1			11	1	1					1		1		1	
1	13					1	11		11		1	13	1		1		1		1	
1	12		1	1	1		1	1	1	1			1		1		1		1	
1	11	1	11				12	12			1	1		11	1		1		1	
1			11	1	1	1				1		12	1			1			1	
1		1			12		1	1	1				1						1	
1			1	12	1	1	12			1	1	12		1	1	1	1		1	
1			12	1		11		1	1	12		1							1	
1		11	1		1	11	1	11			1		1	1	1	1	1		1	
1			1		1		1	12		13	1		11				13		1	
1				13		11				11	13								1	
1	1	1	1	1	1	1	1	1	1	1	1	1	1	1	1	1	1	1	1	

***************************************************************
valasz irasa
valasz serialize
valasz kuldese
valasz elkuldve
readed size:
msg string length:0
uj uzenet olvasva
 
80
state olvasasa
hiba a dekodolas soran! kilepek
