2017-04-01 22:21:49 - We started up, it's a happy day :-) 
2017-04-01 22:21:52 - We received: 3
2017-04-01 22:21:53 - Input message format was wrong: Protocol message end-group tag did not match expected tag.
com.google.protobuf.InvalidProtocolBufferException: Protocol message end-group tag did not match expected tag.
	at com.google.protobuf.InvalidProtocolBufferException.invalidEndTag(InvalidProtocolBufferException.java:94)
	at com.google.protobuf.CodedInputStream.checkLastTagWas(CodedInputStream.java:174)
	at com.google.protobuf.CodedInputStream.readGroup(CodedInputStream.java:425)
	at com.google.protobuf.UnknownFieldSet$Builder.mergeFieldFrom(UnknownFieldSet.java:505)
	at com.google.protobuf.GeneratedMessage.parseUnknownField(GeneratedMessage.java:205)
	at edu.szebo.ppke.survival.proto.Communication$Message.<init>(Communication.java:122)
	at edu.szebo.ppke.survival.proto.Communication$Message.<init>(Communication.java:79)
	at edu.szebo.ppke.survival.proto.Communication$Message$1.parsePartialFrom(Communication.java:226)
	at edu.szebo.ppke.survival.proto.Communication$Message$1.parsePartialFrom(Communication.java:221)
	at com.google.protobuf.AbstractParser.parsePartialFrom(AbstractParser.java:137)
	at com.google.protobuf.AbstractParser.parseFrom(AbstractParser.java:168)
	at com.google.protobuf.AbstractParser.parseFrom(AbstractParser.java:180)
	at com.google.protobuf.AbstractParser.parseFrom(AbstractParser.java:185)
	at com.google.protobuf.AbstractParser.parseFrom(AbstractParser.java:49)
	at edu.szebo.ppke.survival.Main$1.accept(Main.java:34)
	at edu.szebo.ppke.survival.Main$1.accept(Main.java:27)
	at java.util.Iterator.forEachRemaining(Unknown Source)
	at java.util.Spliterators$IteratorSpliterator.forEachRemaining(Unknown Source)
	at java.util.stream.ReferencePipeline$Head.forEachOrdered(Unknown Source)
	at edu.szebo.ppke.survival.Main.main(Main.java:64)
2017-04-01 22:21:53 - Our answer is: id: 0
way: 0

2017-04-01 22:21:59 - We received: 
2017-04-01 22:21:59 - Input message format was wrong: Message missing required fields: width, height, id, hp
com.google.protobuf.InvalidProtocolBufferException: Message missing required fields: width, height, id, hp
	at com.google.protobuf.UninitializedMessageException.asInvalidProtocolBufferException(UninitializedMessageException.java:81)
	at com.google.protobuf.AbstractParser.checkMessageInitialized(AbstractParser.java:71)
	at com.google.protobuf.AbstractParser.parseFrom(AbstractParser.java:168)
	at com.google.protobuf.AbstractParser.parseFrom(AbstractParser.java:180)
	at com.google.protobuf.AbstractParser.parseFrom(AbstractParser.java:185)
	at com.google.protobuf.AbstractParser.parseFrom(AbstractParser.java:49)
	at edu.szebo.ppke.survival.Main$1.accept(Main.java:34)
	at edu.szebo.ppke.survival.Main$1.accept(Main.java:27)
	at java.util.Iterator.forEachRemaining(Unknown Source)
	at java.util.Spliterators$IteratorSpliterator.forEachRemaining(Unknown Source)
	at java.util.stream.ReferencePipeline$Head.forEachOrdered(Unknown Source)
	at edu.szebo.ppke.survival.Main.main(Main.java:64)
2017-04-01 22:21:59 - Our answer is: id: 0
way: 0

